CRITICAL - 2024-07-28 17:41:46 --> CodeIgniter\Validation\Exceptions\ValidationException: "optional" is not a valid rule.
[Method: POST, Route: agregar_hotel]
in SYSTEMPATH\Validation\Validation.php on line 345.
 1 SYSTEMPATH\Validation\Validation.php(345): CodeIgniter\Validation\Exceptions\ValidationException::forRuleNotFound('optional')
 2 SYSTEMPATH\Validation\Validation.php(201): CodeIgniter\Validation\Validation->processRules('txtNombre', 'txtNombre', '', [...], [...], 'txtNombre')
 3 SYSTEMPATH\Controller.php(137): CodeIgniter\Validation\Validation->run()
 4 APPPATH\Controllers\HotelesController.php(32): CodeIgniter\Controller->validate([...])
 5 SYSTEMPATH\CodeIgniter.php(933): App\Controllers\HotelesController->agregarHotel()
 6 SYSTEMPATH\CodeIgniter.php(509): CodeIgniter\CodeIgniter->runController(Object(App\Controllers\HotelesController))
 7 SYSTEMPATH\CodeIgniter.php(355): CodeIgniter\CodeIgniter->handleRequest(null, Object(Config\Cache), false)
 8 SYSTEMPATH\Boot.php(325): CodeIgniter\CodeIgniter->run()
 9 SYSTEMPATH\Boot.php(67): CodeIgniter\Boot::runCodeIgniter(Object(CodeIgniter\CodeIgniter))
10 FCPATH\index.php(56): CodeIgniter\Boot::bootWeb(Object(Config\Paths))
CRITICAL - 2024-07-28 17:42:57 --> CodeIgniter\Validation\Exceptions\ValidationException: "optional" is not a valid rule.
[Method: POST, Route: agregar_hotel]
in SYSTEMPATH\Validation\Validation.php on line 345.
 1 SYSTEMPATH\Validation\Validation.php(345): CodeIgniter\Validation\Exceptions\ValidationException::forRuleNotFound('optional')
 2 SYSTEMPATH\Validation\Validation.php(201): CodeIgniter\Validation\Validation->processRules('txtNombre', 'txtNombre', '', [...], [...], 'txtNombre')
 3 SYSTEMPATH\Controller.php(137): CodeIgniter\Validation\Validation->run()
 4 APPPATH\Controllers\HotelesController.php(32): CodeIgniter\Controller->validate([...])
 5 SYSTEMPATH\CodeIgniter.php(933): App\Controllers\HotelesController->agregarHotel()
 6 SYSTEMPATH\CodeIgniter.php(509): CodeIgniter\CodeIgniter->runController(Object(App\Controllers\HotelesController))
 7 SYSTEMPATH\CodeIgniter.php(355): CodeIgniter\CodeIgniter->handleRequest(null, Object(Config\Cache), false)
 8 SYSTEMPATH\Boot.php(325): CodeIgniter\CodeIgniter->run()
 9 SYSTEMPATH\Boot.php(67): CodeIgniter\Boot::runCodeIgniter(Object(CodeIgniter\CodeIgniter))
10 FCPATH\index.php(56): CodeIgniter\Boot::bootWeb(Object(Config\Paths))
CRITICAL - 2024-07-28 17:43:12 --> CodeIgniter\Validation\Exceptions\ValidationException: "optional" is not a valid rule.
[Method: POST, Route: agregar_hotel]
in SYSTEMPATH\Validation\Validation.php on line 345.
 1 SYSTEMPATH\Validation\Validation.php(345): CodeIgniter\Validation\Exceptions\ValidationException::forRuleNotFound('optional')
 2 SYSTEMPATH\Validation\Validation.php(201): CodeIgniter\Validation\Validation->processRules('txtNombre', 'txtNombre', '', [...], [...], 'txtNombre')
 3 SYSTEMPATH\Controller.php(137): CodeIgniter\Validation\Validation->run()
 4 APPPATH\Controllers\HotelesController.php(32): CodeIgniter\Controller->validate([...])
 5 SYSTEMPATH\CodeIgniter.php(933): App\Controllers\HotelesController->agregarHotel()
 6 SYSTEMPATH\CodeIgniter.php(509): CodeIgniter\CodeIgniter->runController(Object(App\Controllers\HotelesController))
 7 SYSTEMPATH\CodeIgniter.php(355): CodeIgniter\CodeIgniter->handleRequest(null, Object(Config\Cache), false)
 8 SYSTEMPATH\Boot.php(325): CodeIgniter\CodeIgniter->run()
 9 SYSTEMPATH\Boot.php(67): CodeIgniter\Boot::runCodeIgniter(Object(CodeIgniter\CodeIgniter))
10 FCPATH\index.php(56): CodeIgniter\Boot::bootWeb(Object(Config\Paths))
ERROR - 2024-07-28 17:51:59 --> mysqli_sql_exception: Cannot add or update a child row: a foreign key constraint fails (`bd_hotel`.`hoteles`, CONSTRAINT `hoteles_ibfk_3` FOREIGN KEY (`usuario_id`) REFERENCES `usuarios` (`usuario_id`)) in C:\xampp\htdocs\M2RA2---AAT\ci4_hotel\system\Database\MySQLi\Connection.php:312
Stack trace:
#0 C:\xampp\htdocs\M2RA2---AAT\ci4_hotel\system\Database\MySQLi\Connection.php(312): mysqli->query('INSERT INTO `ho...', 0)
#1 C:\xampp\htdocs\M2RA2---AAT\ci4_hotel\system\Database\BaseConnection.php(734): CodeIgniter\Database\MySQLi\Connection->execute('INSERT INTO `ho...')
#2 C:\xampp\htdocs\M2RA2---AAT\ci4_hotel\system\Database\BaseConnection.php(648): CodeIgniter\Database\BaseConnection->simpleQuery('INSERT INTO `ho...')
#3 C:\xampp\htdocs\M2RA2---AAT\ci4_hotel\system\Database\BaseBuilder.php(2332): CodeIgniter\Database\BaseConnection->query('INSERT INTO `ho...', Array, false)
#4 C:\xampp\htdocs\M2RA2---AAT\ci4_hotel\system\Model.php(394): CodeIgniter\Database\BaseBuilder->insert()
#5 C:\xampp\htdocs\M2RA2---AAT\ci4_hotel\system\BaseModel.php(840): CodeIgniter\Model->doInsert(Array)
#6 C:\xampp\htdocs\M2RA2---AAT\ci4_hotel\system\Model.php(802): CodeIgniter\BaseModel->insert(Array, true)
#7 C:\xampp\htdocs\M2RA2---AAT\ci4_hotel\app\Controllers\HotelesController.php(43): CodeIgniter\Model->insert(Array)
#8 C:\xampp\htdocs\M2RA2---AAT\ci4_hotel\system\CodeIgniter.php(933): App\Controllers\HotelesController->agregarHotel()
#9 C:\xampp\htdocs\M2RA2---AAT\ci4_hotel\system\CodeIgniter.php(509): CodeIgniter\CodeIgniter->runController(Object(App\Controllers\HotelesController))
#10 C:\xampp\htdocs\M2RA2---AAT\ci4_hotel\system\CodeIgniter.php(355): CodeIgniter\CodeIgniter->handleRequest(NULL, Object(Config\Cache), false)
#11 C:\xampp\htdocs\M2RA2---AAT\ci4_hotel\system\Boot.php(325): CodeIgniter\CodeIgniter->run()
#12 C:\xampp\htdocs\M2RA2---AAT\ci4_hotel\system\Boot.php(67): CodeIgniter\Boot::runCodeIgniter(Object(CodeIgniter\CodeIgniter))
#13 C:\xampp\htdocs\M2RA2---AAT\ci4_hotel\public\index.php(56): CodeIgniter\Boot::bootWeb(Object(Config\Paths))
#14 {main}
CRITICAL - 2024-07-28 17:51:59 --> CodeIgniter\Database\Exceptions\DatabaseException: Cannot add or update a child row: a foreign key constraint fails (`bd_hotel`.`hoteles`, CONSTRAINT `hoteles_ibfk_3` FOREIGN KEY (`usuario_id`) REFERENCES `usuarios` (`usuario_id`))
[Method: POST, Route: agregar_hotel]
in SYSTEMPATH\Database\BaseConnection.php on line 688.
 1 SYSTEMPATH\Database\BaseBuilder.php(2332): CodeIgniter\Database\BaseConnection->query('INSERT INTO `hoteles` (`hotel_id`, `nombre`, `telefono`, `direccion`, `ciudad_id`, `categoria_id`, `usuario_id`) VALUES (:hotel_id:, :nombre:, :telefono:, :direccion:, :ciudad_id:, :categoria_id:, :usuario_id:)', [...], false)
 2 SYSTEMPATH\Model.php(394): CodeIgniter\Database\BaseBuilder->insert()
 3 SYSTEMPATH\BaseModel.php(840): CodeIgniter\Model->doInsert([...])
 4 SYSTEMPATH\Model.php(802): CodeIgniter\BaseModel->insert([...], true)
 5 APPPATH\Controllers\HotelesController.php(43): CodeIgniter\Model->insert([...])
 6 SYSTEMPATH\CodeIgniter.php(933): App\Controllers\HotelesController->agregarHotel()
 7 SYSTEMPATH\CodeIgniter.php(509): CodeIgniter\CodeIgniter->runController(Object(App\Controllers\HotelesController))
 8 SYSTEMPATH\CodeIgniter.php(355): CodeIgniter\CodeIgniter->handleRequest(null, Object(Config\Cache), false)
 9 SYSTEMPATH\Boot.php(325): CodeIgniter\CodeIgniter->run()
10 SYSTEMPATH\Boot.php(67): CodeIgniter\Boot::runCodeIgniter(Object(CodeIgniter\CodeIgniter))
11 FCPATH\index.php(56): CodeIgniter\Boot::bootWeb(Object(Config\Paths))
CRITICAL - 2024-07-28 17:51:59 --> [Caused by] CodeIgniter\Database\Exceptions\DatabaseException: Cannot add or update a child row: a foreign key constraint fails (`bd_hotel`.`hoteles`, CONSTRAINT `hoteles_ibfk_3` FOREIGN KEY (`usuario_id`) REFERENCES `usuarios` (`usuario_id`))
in SYSTEMPATH\Database\MySQLi\Connection.php on line 317.
 1 SYSTEMPATH\Database\BaseConnection.php(734): CodeIgniter\Database\MySQLi\Connection->execute('INSERT INTO `hoteles` (`hotel_id`, `nombre`, `telefono`, `direccion`, `ciudad_id`, `categoria_id`, `usuario_id`) VALUES (\'1325\', \'sdsad\', \'6546854\', \'654\', \'654\', \'456\', \'4\')')
 2 SYSTEMPATH\Database\BaseConnection.php(648): CodeIgniter\Database\BaseConnection->simpleQuery('INSERT INTO `hoteles` (`hotel_id`, `nombre`, `telefono`, `direccion`, `ciudad_id`, `categoria_id`, `usuario_id`) VALUES (\'1325\', \'sdsad\', \'6546854\', \'654\', \'654\', \'456\', \'4\')')
 3 SYSTEMPATH\Database\BaseBuilder.php(2332): CodeIgniter\Database\BaseConnection->query('INSERT INTO `hoteles` (`hotel_id`, `nombre`, `telefono`, `direccion`, `ciudad_id`, `categoria_id`, `usuario_id`) VALUES (:hotel_id:, :nombre:, :telefono:, :direccion:, :ciudad_id:, :categoria_id:, :usuario_id:)', [...], false)
 4 SYSTEMPATH\Model.php(394): CodeIgniter\Database\BaseBuilder->insert()
 5 SYSTEMPATH\BaseModel.php(840): CodeIgniter\Model->doInsert([...])
 6 SYSTEMPATH\Model.php(802): CodeIgniter\BaseModel->insert([...], true)
 7 APPPATH\Controllers\HotelesController.php(43): CodeIgniter\Model->insert([...])
 8 SYSTEMPATH\CodeIgniter.php(933): App\Controllers\HotelesController->agregarHotel()
 9 SYSTEMPATH\CodeIgniter.php(509): CodeIgniter\CodeIgniter->runController(Object(App\Controllers\HotelesController))
10 SYSTEMPATH\CodeIgniter.php(355): CodeIgniter\CodeIgniter->handleRequest(null, Object(Config\Cache), false)
11 SYSTEMPATH\Boot.php(325): CodeIgniter\CodeIgniter->run()
12 SYSTEMPATH\Boot.php(67): CodeIgniter\Boot::runCodeIgniter(Object(CodeIgniter\CodeIgniter))
13 FCPATH\index.php(56): CodeIgniter\Boot::bootWeb(Object(Config\Paths))
CRITICAL - 2024-07-28 17:51:59 --> [Caused by] mysqli_sql_exception: Cannot add or update a child row: a foreign key constraint fails (`bd_hotel`.`hoteles`, CONSTRAINT `hoteles_ibfk_3` FOREIGN KEY (`usuario_id`) REFERENCES `usuarios` (`usuario_id`))
in SYSTEMPATH\Database\MySQLi\Connection.php on line 312.
 1 SYSTEMPATH\Database\MySQLi\Connection.php(312): mysqli->query('INSERT INTO `hoteles` (`hotel_id`, `nombre`, `telefono`, `direccion`, `ciudad_id`, `categoria_id`, `usuario_id`) VALUES (\'1325\', \'sdsad\', \'6546854\', \'654\', \'654\', \'456\', \'4\')', 0)
 2 SYSTEMPATH\Database\BaseConnection.php(734): CodeIgniter\Database\MySQLi\Connection->execute('INSERT INTO `hoteles` (`hotel_id`, `nombre`, `telefono`, `direccion`, `ciudad_id`, `categoria_id`, `usuario_id`) VALUES (\'1325\', \'sdsad\', \'6546854\', \'654\', \'654\', \'456\', \'4\')')
 3 SYSTEMPATH\Database\BaseConnection.php(648): CodeIgniter\Database\BaseConnection->simpleQuery('INSERT INTO `hoteles` (`hotel_id`, `nombre`, `telefono`, `direccion`, `ciudad_id`, `categoria_id`, `usuario_id`) VALUES (\'1325\', \'sdsad\', \'6546854\', \'654\', \'654\', \'456\', \'4\')')
 4 SYSTEMPATH\Database\BaseBuilder.php(2332): CodeIgniter\Database\BaseConnection->query('INSERT INTO `hoteles` (`hotel_id`, `nombre`, `telefono`, `direccion`, `ciudad_id`, `categoria_id`, `usuario_id`) VALUES (:hotel_id:, :nombre:, :telefono:, :direccion:, :ciudad_id:, :categoria_id:, :usuario_id:)', [...], false)
 5 SYSTEMPATH\Model.php(394): CodeIgniter\Database\BaseBuilder->insert()
 6 SYSTEMPATH\BaseModel.php(840): CodeIgniter\Model->doInsert([...])
 7 SYSTEMPATH\Model.php(802): CodeIgniter\BaseModel->insert([...], true)
 8 APPPATH\Controllers\HotelesController.php(43): CodeIgniter\Model->insert([...])
 9 SYSTEMPATH\CodeIgniter.php(933): App\Controllers\HotelesController->agregarHotel()
10 SYSTEMPATH\CodeIgniter.php(509): CodeIgniter\CodeIgniter->runController(Object(App\Controllers\HotelesController))
11 SYSTEMPATH\CodeIgniter.php(355): CodeIgniter\CodeIgniter->handleRequest(null, Object(Config\Cache), false)
12 SYSTEMPATH\Boot.php(325): CodeIgniter\CodeIgniter->run()
13 SYSTEMPATH\Boot.php(67): CodeIgniter\Boot::runCodeIgniter(Object(CodeIgniter\CodeIgniter))
14 FCPATH\index.php(56): CodeIgniter\Boot::bootWeb(Object(Config\Paths))
CRITICAL - 2024-07-28 17:52:58 --> CodeIgniter\Validation\Exceptions\ValidationException: "is_exist" is not a valid rule.
[Method: POST, Route: agregar_hotel]
in SYSTEMPATH\Validation\Validation.php on line 345.
 1 SYSTEMPATH\Validation\Validation.php(345): CodeIgniter\Validation\Exceptions\ValidationException::forRuleNotFound('is_exist')
 2 SYSTEMPATH\Validation\Validation.php(201): CodeIgniter\Validation\Validation->processRules('numUsuario', 'numUsuario', '23213213213213121', [...], [...], 'numUsuario')
 3 SYSTEMPATH\Controller.php(137): CodeIgniter\Validation\Validation->run()
 4 APPPATH\Controllers\HotelesController.php(29): CodeIgniter\Controller->validate([...])
 5 SYSTEMPATH\CodeIgniter.php(933): App\Controllers\HotelesController->agregarHotel()
 6 SYSTEMPATH\CodeIgniter.php(509): CodeIgniter\CodeIgniter->runController(Object(App\Controllers\HotelesController))
 7 SYSTEMPATH\CodeIgniter.php(355): CodeIgniter\CodeIgniter->handleRequest(null, Object(Config\Cache), false)
 8 SYSTEMPATH\Boot.php(325): CodeIgniter\CodeIgniter->run()
 9 SYSTEMPATH\Boot.php(67): CodeIgniter\Boot::runCodeIgniter(Object(CodeIgniter\CodeIgniter))
10 FCPATH\index.php(56): CodeIgniter\Boot::bootWeb(Object(Config\Paths))
CRITICAL - 2024-07-28 17:57:00 --> CodeIgniter\Validation\Exceptions\ValidationException: "Id Hotel" is not a valid rule.
[Method: POST, Route: agregar_hotel]
in SYSTEMPATH\Validation\Validation.php on line 345.
 1 SYSTEMPATH\Validation\Validation.php(345): CodeIgniter\Validation\Exceptions\ValidationException::forRuleNotFound('Id Hotel')
 2 SYSTEMPATH\Validation\Validation.php(201): CodeIgniter\Validation\Validation->processRules('label', 'label', null, [...], [...], 'label')
 3 SYSTEMPATH\Controller.php(137): CodeIgniter\Validation\Validation->run()
 4 APPPATH\Controllers\HotelesController.php(35): CodeIgniter\Controller->validate([...])
 5 SYSTEMPATH\CodeIgniter.php(933): App\Controllers\HotelesController->agregarHotel()
 6 SYSTEMPATH\CodeIgniter.php(509): CodeIgniter\CodeIgniter->runController(Object(App\Controllers\HotelesController))
 7 SYSTEMPATH\CodeIgniter.php(355): CodeIgniter\CodeIgniter->handleRequest(null, Object(Config\Cache), false)
 8 SYSTEMPATH\Boot.php(325): CodeIgniter\CodeIgniter->run()
 9 SYSTEMPATH\Boot.php(67): CodeIgniter\Boot::runCodeIgniter(Object(CodeIgniter\CodeIgniter))
10 FCPATH\index.php(56): CodeIgniter\Boot::bootWeb(Object(Config\Paths))
CRITICAL - 2024-07-28 17:58:48 --> CodeIgniter\Validation\Exceptions\ValidationException: "numIdHotel" is not a valid rule.
[Method: POST, Route: agregar_hotel]
in SYSTEMPATH\Validation\Validation.php on line 345.
 1 SYSTEMPATH\Validation\Validation.php(345): CodeIgniter\Validation\Exceptions\ValidationException::forRuleNotFound('numIdHotel')
 2 SYSTEMPATH\Validation\Validation.php(201): CodeIgniter\Validation\Validation->processRules('field', 'field', null, [...], [...], 'field')
 3 SYSTEMPATH\Controller.php(137): CodeIgniter\Validation\Validation->run()
 4 APPPATH\Controllers\HotelesController.php(36): CodeIgniter\Controller->validate([...])
 5 SYSTEMPATH\CodeIgniter.php(933): App\Controllers\HotelesController->agregarHotel()
 6 SYSTEMPATH\CodeIgniter.php(509): CodeIgniter\CodeIgniter->runController(Object(App\Controllers\HotelesController))
 7 SYSTEMPATH\CodeIgniter.php(355): CodeIgniter\CodeIgniter->handleRequest(null, Object(Config\Cache), false)
 8 SYSTEMPATH\Boot.php(325): CodeIgniter\CodeIgniter->run()
 9 SYSTEMPATH\Boot.php(67): CodeIgniter\Boot::runCodeIgniter(Object(CodeIgniter\CodeIgniter))
10 FCPATH\index.php(56): CodeIgniter\Boot::bootWeb(Object(Config\Paths))
CRITICAL - 2024-07-28 18:02:27 --> CodeIgniter\Validation\Exceptions\ValidationException: "numIdHotel" is not a valid Validation template.
[Method: GET, Route: agregar_hotel]
in SYSTEMPATH\Helpers\form_helper.php on line 723.
 1 SYSTEMPATH\Helpers\form_helper.php(723): CodeIgniter\Validation\Exceptions\ValidationException::forInvalidTemplate('numIdHotel')
 2 APPPATH\Views\agregarHotel.php(62): validation_list_errors('numIdHotel')
 3 SYSTEMPATH\View\View.php(234): include('C:\\xampp\\htdocs\\M2RA2---AAT\\ci4_hotel\\app\\Views\\agregarHotel.php')
 4 SYSTEMPATH\View\View.php(237): CodeIgniter\View\View->CodeIgniter\View\{closure}()
 5 SYSTEMPATH\Common.php(1171): CodeIgniter\View\View->render('agregarHotel', [], true)
 6 APPPATH\Controllers\HotelesController.php(18): view('agregarHotel')
 7 SYSTEMPATH\CodeIgniter.php(933): App\Controllers\HotelesController->nuevoHotel()
 8 SYSTEMPATH\CodeIgniter.php(509): CodeIgniter\CodeIgniter->runController(Object(App\Controllers\HotelesController))
 9 SYSTEMPATH\CodeIgniter.php(355): CodeIgniter\CodeIgniter->handleRequest(null, Object(Config\Cache), false)
10 SYSTEMPATH\Boot.php(325): CodeIgniter\CodeIgniter->run()
11 SYSTEMPATH\Boot.php(67): CodeIgniter\Boot::runCodeIgniter(Object(CodeIgniter\CodeIgniter))
12 FCPATH\index.php(56): CodeIgniter\Boot::bootWeb(Object(Config\Paths))
CRITICAL - 2024-07-28 18:16:56 --> CodeIgniter\Validation\Exceptions\ValidationException: "numIdHotel" is not a valid Validation template.
[Method: GET, Route: agregar_hotel]
in SYSTEMPATH\Helpers\form_helper.php on line 723.
 1 SYSTEMPATH\Helpers\form_helper.php(723): CodeIgniter\Validation\Exceptions\ValidationException::forInvalidTemplate('numIdHotel')
 2 APPPATH\Views\agregarHotel.php(65): validation_list_errors('numIdHotel')
 3 SYSTEMPATH\View\View.php(234): include('C:\\xampp\\htdocs\\M2RA2---AAT\\ci4_hotel\\app\\Views\\agregarHotel.php')
 4 SYSTEMPATH\View\View.php(237): CodeIgniter\View\View->CodeIgniter\View\{closure}()
 5 SYSTEMPATH\Common.php(1171): CodeIgniter\View\View->render('agregarHotel', [], true)
 6 APPPATH\Controllers\HotelesController.php(22): view('agregarHotel')
 7 SYSTEMPATH\CodeIgniter.php(933): App\Controllers\HotelesController->nuevoHotel()
 8 SYSTEMPATH\CodeIgniter.php(509): CodeIgniter\CodeIgniter->runController(Object(App\Controllers\HotelesController))
 9 SYSTEMPATH\CodeIgniter.php(355): CodeIgniter\CodeIgniter->handleRequest(null, Object(Config\Cache), false)
10 SYSTEMPATH\Boot.php(325): CodeIgniter\CodeIgniter->run()
11 SYSTEMPATH\Boot.php(67): CodeIgniter\Boot::runCodeIgniter(Object(CodeIgniter\CodeIgniter))
12 FCPATH\index.php(56): CodeIgniter\Boot::bootWeb(Object(Config\Paths))
CRITICAL - 2024-07-28 18:19:32 --> CodeIgniter\Validation\Exceptions\ValidationException: "txtCorreoElectronico" is not a valid Validation template.
[Method: GET, Route: agregar_hotel]
in SYSTEMPATH\Helpers\form_helper.php on line 723.
 1 SYSTEMPATH\Helpers\form_helper.php(723): CodeIgniter\Validation\Exceptions\ValidationException::forInvalidTemplate('txtCorreoElectronico')
 2 APPPATH\Views\agregarHotel.php(81): validation_list_errors('txtCorreoElectronico')
 3 SYSTEMPATH\View\View.php(234): include('C:\\xampp\\htdocs\\M2RA2---AAT\\ci4_hotel\\app\\Views\\agregarHotel.php')
 4 SYSTEMPATH\View\View.php(237): CodeIgniter\View\View->CodeIgniter\View\{closure}()
 5 SYSTEMPATH\Common.php(1171): CodeIgniter\View\View->render('agregarHotel', [], true)
 6 APPPATH\Controllers\HotelesController.php(22): view('agregarHotel')
 7 SYSTEMPATH\CodeIgniter.php(933): App\Controllers\HotelesController->nuevoHotel()
 8 SYSTEMPATH\CodeIgniter.php(509): CodeIgniter\CodeIgniter->runController(Object(App\Controllers\HotelesController))
 9 SYSTEMPATH\CodeIgniter.php(355): CodeIgniter\CodeIgniter->handleRequest(null, Object(Config\Cache), false)
10 SYSTEMPATH\Boot.php(325): CodeIgniter\CodeIgniter->run()
11 SYSTEMPATH\Boot.php(67): CodeIgniter\Boot::runCodeIgniter(Object(CodeIgniter\CodeIgniter))
12 FCPATH\index.php(56): CodeIgniter\Boot::bootWeb(Object(Config\Paths))
CRITICAL - 2024-07-28 18:22:12 --> CodeIgniter\Validation\Exceptions\ValidationException: "numIdHotel" is not a valid Validation template.
[Method: GET, Route: agregar_hotel]
in SYSTEMPATH\Helpers\form_helper.php on line 723.
 1 SYSTEMPATH\Helpers\form_helper.php(723): CodeIgniter\Validation\Exceptions\ValidationException::forInvalidTemplate('numIdHotel')
 2 APPPATH\Views\agregarHotel.php(66): validation_list_errors('numIdHotel')
 3 SYSTEMPATH\View\View.php(234): include('C:\\xampp\\htdocs\\M2RA2---AAT\\ci4_hotel\\app\\Views\\agregarHotel.php')
 4 SYSTEMPATH\View\View.php(237): CodeIgniter\View\View->CodeIgniter\View\{closure}()
 5 SYSTEMPATH\Common.php(1171): CodeIgniter\View\View->render('agregarHotel', [], true)
 6 APPPATH\Controllers\HotelesController.php(22): view('agregarHotel')
 7 SYSTEMPATH\CodeIgniter.php(933): App\Controllers\HotelesController->nuevoHotel()
 8 SYSTEMPATH\CodeIgniter.php(509): CodeIgniter\CodeIgniter->runController(Object(App\Controllers\HotelesController))
 9 SYSTEMPATH\CodeIgniter.php(355): CodeIgniter\CodeIgniter->handleRequest(null, Object(Config\Cache), false)
10 SYSTEMPATH\Boot.php(325): CodeIgniter\CodeIgniter->run()
11 SYSTEMPATH\Boot.php(67): CodeIgniter\Boot::runCodeIgniter(Object(CodeIgniter\CodeIgniter))
12 FCPATH\index.php(56): CodeIgniter\Boot::bootWeb(Object(Config\Paths))
CRITICAL - 2024-07-28 18:22:45 --> CodeIgniter\Validation\Exceptions\ValidationException: "numIdHotel" is not a valid Validation template.
[Method: GET, Route: agregar_hotel]
in SYSTEMPATH\Helpers\form_helper.php on line 723.
 1 SYSTEMPATH\Helpers\form_helper.php(723): CodeIgniter\Validation\Exceptions\ValidationException::forInvalidTemplate('numIdHotel')
 2 APPPATH\Views\agregarHotel.php(66): validation_list_errors('numIdHotel')
 3 SYSTEMPATH\View\View.php(234): include('C:\\xampp\\htdocs\\M2RA2---AAT\\ci4_hotel\\app\\Views\\agregarHotel.php')
 4 SYSTEMPATH\View\View.php(237): CodeIgniter\View\View->CodeIgniter\View\{closure}()
 5 SYSTEMPATH\Common.php(1171): CodeIgniter\View\View->render('agregarHotel', [], true)
 6 APPPATH\Controllers\HotelesController.php(22): view('agregarHotel')
 7 SYSTEMPATH\CodeIgniter.php(933): App\Controllers\HotelesController->nuevoHotel()
 8 SYSTEMPATH\CodeIgniter.php(509): CodeIgniter\CodeIgniter->runController(Object(App\Controllers\HotelesController))
 9 SYSTEMPATH\CodeIgniter.php(355): CodeIgniter\CodeIgniter->handleRequest(null, Object(Config\Cache), false)
10 SYSTEMPATH\Boot.php(325): CodeIgniter\CodeIgniter->run()
11 SYSTEMPATH\Boot.php(67): CodeIgniter\Boot::runCodeIgniter(Object(CodeIgniter\CodeIgniter))
12 FCPATH\index.php(56): CodeIgniter\Boot::bootWeb(Object(Config\Paths))
CRITICAL - 2024-07-28 18:22:47 --> CodeIgniter\Validation\Exceptions\ValidationException: "numIdHotel" is not a valid Validation template.
[Method: GET, Route: agregar_hotel]
in SYSTEMPATH\Helpers\form_helper.php on line 723.
 1 SYSTEMPATH\Helpers\form_helper.php(723): CodeIgniter\Validation\Exceptions\ValidationException::forInvalidTemplate('numIdHotel')
 2 APPPATH\Views\agregarHotel.php(66): validation_list_errors('numIdHotel')
 3 SYSTEMPATH\View\View.php(234): include('C:\\xampp\\htdocs\\M2RA2---AAT\\ci4_hotel\\app\\Views\\agregarHotel.php')
 4 SYSTEMPATH\View\View.php(237): CodeIgniter\View\View->CodeIgniter\View\{closure}()
 5 SYSTEMPATH\Common.php(1171): CodeIgniter\View\View->render('agregarHotel', [], true)
 6 APPPATH\Controllers\HotelesController.php(22): view('agregarHotel')
 7 SYSTEMPATH\CodeIgniter.php(933): App\Controllers\HotelesController->nuevoHotel()
 8 SYSTEMPATH\CodeIgniter.php(509): CodeIgniter\CodeIgniter->runController(Object(App\Controllers\HotelesController))
 9 SYSTEMPATH\CodeIgniter.php(355): CodeIgniter\CodeIgniter->handleRequest(null, Object(Config\Cache), false)
10 SYSTEMPATH\Boot.php(325): CodeIgniter\CodeIgniter->run()
11 SYSTEMPATH\Boot.php(67): CodeIgniter\Boot::runCodeIgniter(Object(CodeIgniter\CodeIgniter))
12 FCPATH\index.php(56): CodeIgniter\Boot::bootWeb(Object(Config\Paths))
CRITICAL - 2024-07-28 18:25:07 --> CodeIgniter\Validation\Exceptions\ValidationException: "numIdHotel" is not a valid Validation template.
[Method: GET, Route: agregar_hotel]
in SYSTEMPATH\Helpers\form_helper.php on line 723.
 1 SYSTEMPATH\Helpers\form_helper.php(723): CodeIgniter\Validation\Exceptions\ValidationException::forInvalidTemplate('numIdHotel')
 2 APPPATH\Views\agregarHotel.php(66): validation_list_errors('numIdHotel')
 3 SYSTEMPATH\View\View.php(234): include('C:\\xampp\\htdocs\\M2RA2---AAT\\ci4_hotel\\app\\Views\\agregarHotel.php')
 4 SYSTEMPATH\View\View.php(237): CodeIgniter\View\View->CodeIgniter\View\{closure}()
 5 SYSTEMPATH\Common.php(1171): CodeIgniter\View\View->render('agregarHotel', [], true)
 6 APPPATH\Controllers\HotelesController.php(22): view('agregarHotel')
 7 SYSTEMPATH\CodeIgniter.php(933): App\Controllers\HotelesController->nuevoHotel()
 8 SYSTEMPATH\CodeIgniter.php(509): CodeIgniter\CodeIgniter->runController(Object(App\Controllers\HotelesController))
 9 SYSTEMPATH\CodeIgniter.php(355): CodeIgniter\CodeIgniter->handleRequest(null, Object(Config\Cache), false)
10 SYSTEMPATH\Boot.php(325): CodeIgniter\CodeIgniter->run()
11 SYSTEMPATH\Boot.php(67): CodeIgniter\Boot::runCodeIgniter(Object(CodeIgniter\CodeIgniter))
12 FCPATH\index.php(56): CodeIgniter\Boot::bootWeb(Object(Config\Paths))
ERROR - 2024-07-28 19:47:12 --> mysqli_sql_exception: Table 'bd_hotel.categorias' doesn't exist in C:\xampp\htdocs\M2RA2---AAT\ci4_hotel\system\Database\MySQLi\Connection.php:312
Stack trace:
#0 C:\xampp\htdocs\M2RA2---AAT\ci4_hotel\system\Database\MySQLi\Connection.php(312): mysqli->query('SELECT 1\nFROM `...', 0)
#1 C:\xampp\htdocs\M2RA2---AAT\ci4_hotel\system\Database\BaseConnection.php(734): CodeIgniter\Database\MySQLi\Connection->execute('SELECT 1\nFROM `...')
#2 C:\xampp\htdocs\M2RA2---AAT\ci4_hotel\system\Database\BaseConnection.php(648): CodeIgniter\Database\BaseConnection->simpleQuery('SELECT 1\nFROM `...')
#3 C:\xampp\htdocs\M2RA2---AAT\ci4_hotel\system\Database\BaseBuilder.php(1636): CodeIgniter\Database\BaseConnection->query('SELECT 1\nFROM `...', Array, false)
#4 C:\xampp\htdocs\M2RA2---AAT\ci4_hotel\system\Validation\StrictRules\Rules.php(168): CodeIgniter\Database\BaseBuilder->get()
#5 C:\xampp\htdocs\M2RA2---AAT\ci4_hotel\system\Validation\Validation.php(336): CodeIgniter\Validation\StrictRules\Rules->is_not_unique('1', 'categoria_id', Array, NULL, 'numCategoria')
#6 C:\xampp\htdocs\M2RA2---AAT\ci4_hotel\system\Validation\Validation.php(201): CodeIgniter\Validation\Validation->processRules('numCategoria', 'ID Categor\xC3\xADa', '1', Array, Array, 'numCategoria')
#7 C:\xampp\htdocs\M2RA2---AAT\ci4_hotel\system\Controller.php(137): CodeIgniter\Validation\Validation->run()
#8 C:\xampp\htdocs\M2RA2---AAT\ci4_hotel\app\Controllers\HotelesController.php(61): CodeIgniter\Controller->validate(Array)
#9 C:\xampp\htdocs\M2RA2---AAT\ci4_hotel\system\CodeIgniter.php(933): App\Controllers\HotelesController->agregarHotel()
#10 C:\xampp\htdocs\M2RA2---AAT\ci4_hotel\system\CodeIgniter.php(509): CodeIgniter\CodeIgniter->runController(Object(App\Controllers\HotelesController))
#11 C:\xampp\htdocs\M2RA2---AAT\ci4_hotel\system\CodeIgniter.php(355): CodeIgniter\CodeIgniter->handleRequest(NULL, Object(Config\Cache), false)
#12 C:\xampp\htdocs\M2RA2---AAT\ci4_hotel\system\Boot.php(325): CodeIgniter\CodeIgniter->run()
#13 C:\xampp\htdocs\M2RA2---AAT\ci4_hotel\system\Boot.php(67): CodeIgniter\Boot::runCodeIgniter(Object(CodeIgniter\CodeIgniter))
#14 C:\xampp\htdocs\M2RA2---AAT\ci4_hotel\public\index.php(56): CodeIgniter\Boot::bootWeb(Object(Config\Paths))
#15 {main}
CRITICAL - 2024-07-28 19:47:12 --> CodeIgniter\Database\Exceptions\DatabaseException: Table 'bd_hotel.categorias' doesn't exist
[Method: POST, Route: agregar_hotel]
in SYSTEMPATH\Database\BaseConnection.php on line 688.
 1 SYSTEMPATH\Database\BaseBuilder.php(1636): CodeIgniter\Database\BaseConnection->query('SELECT 1
FROM `categorias`
WHERE `categoria_id` = :categoria_id:
 LIMIT 1', [...], false)
 2 SYSTEMPATH\Validation\StrictRules\Rules.php(168): CodeIgniter\Database\BaseBuilder->get()
 3 SYSTEMPATH\Validation\Validation.php(336): CodeIgniter\Validation\StrictRules\Rules->is_not_unique('1', 'categoria_id', [...], null, 'numCategoria')
 4 SYSTEMPATH\Validation\Validation.php(201): CodeIgniter\Validation\Validation->processRules('numCategoria', 'ID Categoría', '1', [...], [...], 'numCategoria')
 5 SYSTEMPATH\Controller.php(137): CodeIgniter\Validation\Validation->run()
 6 APPPATH\Controllers\HotelesController.php(61): CodeIgniter\Controller->validate([...])
 7 SYSTEMPATH\CodeIgniter.php(933): App\Controllers\HotelesController->agregarHotel()
 8 SYSTEMPATH\CodeIgniter.php(509): CodeIgniter\CodeIgniter->runController(Object(App\Controllers\HotelesController))
 9 SYSTEMPATH\CodeIgniter.php(355): CodeIgniter\CodeIgniter->handleRequest(null, Object(Config\Cache), false)
10 SYSTEMPATH\Boot.php(325): CodeIgniter\CodeIgniter->run()
11 SYSTEMPATH\Boot.php(67): CodeIgniter\Boot::runCodeIgniter(Object(CodeIgniter\CodeIgniter))
12 FCPATH\index.php(56): CodeIgniter\Boot::bootWeb(Object(Config\Paths))
CRITICAL - 2024-07-28 19:47:12 --> [Caused by] CodeIgniter\Database\Exceptions\DatabaseException: Table 'bd_hotel.categorias' doesn't exist
in SYSTEMPATH\Database\MySQLi\Connection.php on line 317.
 1 SYSTEMPATH\Database\BaseConnection.php(734): CodeIgniter\Database\MySQLi\Connection->execute('SELECT 1
FROM `categorias`
WHERE `categoria_id` = \'1\'
 LIMIT 1')
 2 SYSTEMPATH\Database\BaseConnection.php(648): CodeIgniter\Database\BaseConnection->simpleQuery('SELECT 1
FROM `categorias`
WHERE `categoria_id` = \'1\'
 LIMIT 1')
 3 SYSTEMPATH\Database\BaseBuilder.php(1636): CodeIgniter\Database\BaseConnection->query('SELECT 1
FROM `categorias`
WHERE `categoria_id` = :categoria_id:
 LIMIT 1', [...], false)
 4 SYSTEMPATH\Validation\StrictRules\Rules.php(168): CodeIgniter\Database\BaseBuilder->get()
 5 SYSTEMPATH\Validation\Validation.php(336): CodeIgniter\Validation\StrictRules\Rules->is_not_unique('1', 'categoria_id', [...], null, 'numCategoria')
 6 SYSTEMPATH\Validation\Validation.php(201): CodeIgniter\Validation\Validation->processRules('numCategoria', 'ID Categoría', '1', [...], [...], 'numCategoria')
 7 SYSTEMPATH\Controller.php(137): CodeIgniter\Validation\Validation->run()
 8 APPPATH\Controllers\HotelesController.php(61): CodeIgniter\Controller->validate([...])
 9 SYSTEMPATH\CodeIgniter.php(933): App\Controllers\HotelesController->agregarHotel()
10 SYSTEMPATH\CodeIgniter.php(509): CodeIgniter\CodeIgniter->runController(Object(App\Controllers\HotelesController))
11 SYSTEMPATH\CodeIgniter.php(355): CodeIgniter\CodeIgniter->handleRequest(null, Object(Config\Cache), false)
12 SYSTEMPATH\Boot.php(325): CodeIgniter\CodeIgniter->run()
13 SYSTEMPATH\Boot.php(67): CodeIgniter\Boot::runCodeIgniter(Object(CodeIgniter\CodeIgniter))
14 FCPATH\index.php(56): CodeIgniter\Boot::bootWeb(Object(Config\Paths))
CRITICAL - 2024-07-28 19:47:12 --> [Caused by] mysqli_sql_exception: Table 'bd_hotel.categorias' doesn't exist
in SYSTEMPATH\Database\MySQLi\Connection.php on line 312.
 1 SYSTEMPATH\Database\MySQLi\Connection.php(312): mysqli->query('SELECT 1
FROM `categorias`
WHERE `categoria_id` = \'1\'
 LIMIT 1', 0)
 2 SYSTEMPATH\Database\BaseConnection.php(734): CodeIgniter\Database\MySQLi\Connection->execute('SELECT 1
FROM `categorias`
WHERE `categoria_id` = \'1\'
 LIMIT 1')
 3 SYSTEMPATH\Database\BaseConnection.php(648): CodeIgniter\Database\BaseConnection->simpleQuery('SELECT 1
FROM `categorias`
WHERE `categoria_id` = \'1\'
 LIMIT 1')
 4 SYSTEMPATH\Database\BaseBuilder.php(1636): CodeIgniter\Database\BaseConnection->query('SELECT 1
FROM `categorias`
WHERE `categoria_id` = :categoria_id:
 LIMIT 1', [...], false)
 5 SYSTEMPATH\Validation\StrictRules\Rules.php(168): CodeIgniter\Database\BaseBuilder->get()
 6 SYSTEMPATH\Validation\Validation.php(336): CodeIgniter\Validation\StrictRules\Rules->is_not_unique('1', 'categoria_id', [...], null, 'numCategoria')
 7 SYSTEMPATH\Validation\Validation.php(201): CodeIgniter\Validation\Validation->processRules('numCategoria', 'ID Categoría', '1', [...], [...], 'numCategoria')
 8 SYSTEMPATH\Controller.php(137): CodeIgniter\Validation\Validation->run()
 9 APPPATH\Controllers\HotelesController.php(61): CodeIgniter\Controller->validate([...])
10 SYSTEMPATH\CodeIgniter.php(933): App\Controllers\HotelesController->agregarHotel()
11 SYSTEMPATH\CodeIgniter.php(509): CodeIgniter\CodeIgniter->runController(Object(App\Controllers\HotelesController))
12 SYSTEMPATH\CodeIgniter.php(355): CodeIgniter\CodeIgniter->handleRequest(null, Object(Config\Cache), false)
13 SYSTEMPATH\Boot.php(325): CodeIgniter\CodeIgniter->run()
14 SYSTEMPATH\Boot.php(67): CodeIgniter\Boot::runCodeIgniter(Object(CodeIgniter\CodeIgniter))
15 FCPATH\index.php(56): CodeIgniter\Boot::bootWeb(Object(Config\Paths))
ERROR - 2024-07-28 21:27:58 --> mysqli_sql_exception: Cannot add or update a child row: a foreign key constraint fails (`bd_hotel`.`hoteles`, CONSTRAINT `hoteles_ibfk_3` FOREIGN KEY (`usuario_id`) REFERENCES `usuarios` (`usuario_id`)) in C:\xampp\htdocs\M2RA2---AAT\ci4_hotel\system\Database\MySQLi\Connection.php:312
Stack trace:
#0 C:\xampp\htdocs\M2RA2---AAT\ci4_hotel\system\Database\MySQLi\Connection.php(312): mysqli->query('UPDATE `hoteles...', 0)
#1 C:\xampp\htdocs\M2RA2---AAT\ci4_hotel\system\Database\BaseConnection.php(734): CodeIgniter\Database\MySQLi\Connection->execute('UPDATE `hoteles...')
#2 C:\xampp\htdocs\M2RA2---AAT\ci4_hotel\system\Database\BaseConnection.php(648): CodeIgniter\Database\BaseConnection->simpleQuery('UPDATE `hoteles...')
#3 C:\xampp\htdocs\M2RA2---AAT\ci4_hotel\system\Database\BaseBuilder.php(2508): CodeIgniter\Database\BaseConnection->query('UPDATE `hoteles...', Array, false)
#4 C:\xampp\htdocs\M2RA2---AAT\ci4_hotel\system\Model.php(461): CodeIgniter\Database\BaseBuilder->update()
#5 C:\xampp\htdocs\M2RA2---AAT\ci4_hotel\system\BaseModel.php(1028): CodeIgniter\Model->doUpdate(Array, Array)
#6 C:\xampp\htdocs\M2RA2---AAT\ci4_hotel\system\Model.php(865): CodeIgniter\BaseModel->update(Array, Array)
#7 C:\xampp\htdocs\M2RA2---AAT\ci4_hotel\app\Controllers\HotelesController.php(105): CodeIgniter\Model->update('1', Array)
#8 C:\xampp\htdocs\M2RA2---AAT\ci4_hotel\system\CodeIgniter.php(933): App\Controllers\HotelesController->modificarHotel()
#9 C:\xampp\htdocs\M2RA2---AAT\ci4_hotel\system\CodeIgniter.php(509): CodeIgniter\CodeIgniter->runController(Object(App\Controllers\HotelesController))
#10 C:\xampp\htdocs\M2RA2---AAT\ci4_hotel\system\CodeIgniter.php(355): CodeIgniter\CodeIgniter->handleRequest(NULL, Object(Config\Cache), false)
#11 C:\xampp\htdocs\M2RA2---AAT\ci4_hotel\system\Boot.php(325): CodeIgniter\CodeIgniter->run()
#12 C:\xampp\htdocs\M2RA2---AAT\ci4_hotel\system\Boot.php(67): CodeIgniter\Boot::runCodeIgniter(Object(CodeIgniter\CodeIgniter))
#13 C:\xampp\htdocs\M2RA2---AAT\ci4_hotel\public\index.php(56): CodeIgniter\Boot::bootWeb(Object(Config\Paths))
#14 {main}
CRITICAL - 2024-07-28 21:27:58 --> CodeIgniter\Database\Exceptions\DatabaseException: Cannot add or update a child row: a foreign key constraint fails (`bd_hotel`.`hoteles`, CONSTRAINT `hoteles_ibfk_3` FOREIGN KEY (`usuario_id`) REFERENCES `usuarios` (`usuario_id`))
[Method: POST, Route: modificar_hotel]
in SYSTEMPATH\Database\BaseConnection.php on line 688.
 1 SYSTEMPATH\Database\BaseBuilder.php(2508): CodeIgniter\Database\BaseConnection->query('UPDATE `hoteles` SET `hotel_id` = :hotel_id:, `nombre` = :nombre:, `telefono` = :telefono:, `direccion` = :direccion:, `ciudad_id` = :ciudad_id:, `categoria_id` = :categoria_id:, `usuario_id` = :usuario_id:
WHERE `hoteles`.`hotel_id` IN :hoteles.hotel_id:', [...], false)
 2 SYSTEMPATH\Model.php(461): CodeIgniter\Database\BaseBuilder->update()
 3 SYSTEMPATH\BaseModel.php(1028): CodeIgniter\Model->doUpdate([...], [...])
 4 SYSTEMPATH\Model.php(865): CodeIgniter\BaseModel->update([...], [...])
 5 APPPATH\Controllers\HotelesController.php(105): CodeIgniter\Model->update('1', [...])
 6 SYSTEMPATH\CodeIgniter.php(933): App\Controllers\HotelesController->modificarHotel()
 7 SYSTEMPATH\CodeIgniter.php(509): CodeIgniter\CodeIgniter->runController(Object(App\Controllers\HotelesController))
 8 SYSTEMPATH\CodeIgniter.php(355): CodeIgniter\CodeIgniter->handleRequest(null, Object(Config\Cache), false)
 9 SYSTEMPATH\Boot.php(325): CodeIgniter\CodeIgniter->run()
10 SYSTEMPATH\Boot.php(67): CodeIgniter\Boot::runCodeIgniter(Object(CodeIgniter\CodeIgniter))
11 FCPATH\index.php(56): CodeIgniter\Boot::bootWeb(Object(Config\Paths))
CRITICAL - 2024-07-28 21:27:58 --> [Caused by] CodeIgniter\Database\Exceptions\DatabaseException: Cannot add or update a child row: a foreign key constraint fails (`bd_hotel`.`hoteles`, CONSTRAINT `hoteles_ibfk_3` FOREIGN KEY (`usuario_id`) REFERENCES `usuarios` (`usuario_id`))
in SYSTEMPATH\Database\MySQLi\Connection.php on line 317.
 1 SYSTEMPATH\Database\BaseConnection.php(734): CodeIgniter\Database\MySQLi\Connection->execute('UPDATE `hoteles` SET `hotel_id` = \'1\', `nombre` = \'Gran Jaguar\', `telefono` = \'77894512\', `direccion` = \'Biotopo quezal km 250 carretera a Coban\', `ciudad_id` = \'4\', `categoria_id` = \'105\', `usuario_id` = \'\'
WHERE `hoteles`.`hotel_id` IN (\'1\')')
 2 SYSTEMPATH\Database\BaseConnection.php(648): CodeIgniter\Database\BaseConnection->simpleQuery('UPDATE `hoteles` SET `hotel_id` = \'1\', `nombre` = \'Gran Jaguar\', `telefono` = \'77894512\', `direccion` = \'Biotopo quezal km 250 carretera a Coban\', `ciudad_id` = \'4\', `categoria_id` = \'105\', `usuario_id` = \'\'
WHERE `hoteles`.`hotel_id` IN (\'1\')')
 3 SYSTEMPATH\Database\BaseBuilder.php(2508): CodeIgniter\Database\BaseConnection->query('UPDATE `hoteles` SET `hotel_id` = :hotel_id:, `nombre` = :nombre:, `telefono` = :telefono:, `direccion` = :direccion:, `ciudad_id` = :ciudad_id:, `categoria_id` = :categoria_id:, `usuario_id` = :usuario_id:
WHERE `hoteles`.`hotel_id` IN :hoteles.hotel_id:', [...], false)
 4 SYSTEMPATH\Model.php(461): CodeIgniter\Database\BaseBuilder->update()
 5 SYSTEMPATH\BaseModel.php(1028): CodeIgniter\Model->doUpdate([...], [...])
 6 SYSTEMPATH\Model.php(865): CodeIgniter\BaseModel->update([...], [...])
 7 APPPATH\Controllers\HotelesController.php(105): CodeIgniter\Model->update('1', [...])
 8 SYSTEMPATH\CodeIgniter.php(933): App\Controllers\HotelesController->modificarHotel()
 9 SYSTEMPATH\CodeIgniter.php(509): CodeIgniter\CodeIgniter->runController(Object(App\Controllers\HotelesController))
10 SYSTEMPATH\CodeIgniter.php(355): CodeIgniter\CodeIgniter->handleRequest(null, Object(Config\Cache), false)
11 SYSTEMPATH\Boot.php(325): CodeIgniter\CodeIgniter->run()
12 SYSTEMPATH\Boot.php(67): CodeIgniter\Boot::runCodeIgniter(Object(CodeIgniter\CodeIgniter))
13 FCPATH\index.php(56): CodeIgniter\Boot::bootWeb(Object(Config\Paths))
CRITICAL - 2024-07-28 21:27:58 --> [Caused by] mysqli_sql_exception: Cannot add or update a child row: a foreign key constraint fails (`bd_hotel`.`hoteles`, CONSTRAINT `hoteles_ibfk_3` FOREIGN KEY (`usuario_id`) REFERENCES `usuarios` (`usuario_id`))
in SYSTEMPATH\Database\MySQLi\Connection.php on line 312.
 1 SYSTEMPATH\Database\MySQLi\Connection.php(312): mysqli->query('UPDATE `hoteles` SET `hotel_id` = \'1\', `nombre` = \'Gran Jaguar\', `telefono` = \'77894512\', `direccion` = \'Biotopo quezal km 250 carretera a Coban\', `ciudad_id` = \'4\', `categoria_id` = \'105\', `usuario_id` = \'\'
WHERE `hoteles`.`hotel_id` IN (\'1\')', 0)
 2 SYSTEMPATH\Database\BaseConnection.php(734): CodeIgniter\Database\MySQLi\Connection->execute('UPDATE `hoteles` SET `hotel_id` = \'1\', `nombre` = \'Gran Jaguar\', `telefono` = \'77894512\', `direccion` = \'Biotopo quezal km 250 carretera a Coban\', `ciudad_id` = \'4\', `categoria_id` = \'105\', `usuario_id` = \'\'
WHERE `hoteles`.`hotel_id` IN (\'1\')')
 3 SYSTEMPATH\Database\BaseConnection.php(648): CodeIgniter\Database\BaseConnection->simpleQuery('UPDATE `hoteles` SET `hotel_id` = \'1\', `nombre` = \'Gran Jaguar\', `telefono` = \'77894512\', `direccion` = \'Biotopo quezal km 250 carretera a Coban\', `ciudad_id` = \'4\', `categoria_id` = \'105\', `usuario_id` = \'\'
WHERE `hoteles`.`hotel_id` IN (\'1\')')
 4 SYSTEMPATH\Database\BaseBuilder.php(2508): CodeIgniter\Database\BaseConnection->query('UPDATE `hoteles` SET `hotel_id` = :hotel_id:, `nombre` = :nombre:, `telefono` = :telefono:, `direccion` = :direccion:, `ciudad_id` = :ciudad_id:, `categoria_id` = :categoria_id:, `usuario_id` = :usuario_id:
WHERE `hoteles`.`hotel_id` IN :hoteles.hotel_id:', [...], false)
 5 SYSTEMPATH\Model.php(461): CodeIgniter\Database\BaseBuilder->update()
 6 SYSTEMPATH\BaseModel.php(1028): CodeIgniter\Model->doUpdate([...], [...])
 7 SYSTEMPATH\Model.php(865): CodeIgniter\BaseModel->update([...], [...])
 8 APPPATH\Controllers\HotelesController.php(105): CodeIgniter\Model->update('1', [...])
 9 SYSTEMPATH\CodeIgniter.php(933): App\Controllers\HotelesController->modificarHotel()
10 SYSTEMPATH\CodeIgniter.php(509): CodeIgniter\CodeIgniter->runController(Object(App\Controllers\HotelesController))
11 SYSTEMPATH\CodeIgniter.php(355): CodeIgniter\CodeIgniter->handleRequest(null, Object(Config\Cache), false)
12 SYSTEMPATH\Boot.php(325): CodeIgniter\CodeIgniter->run()
13 SYSTEMPATH\Boot.php(67): CodeIgniter\Boot::runCodeIgniter(Object(CodeIgniter\CodeIgniter))
14 FCPATH\index.php(56): CodeIgniter\Boot::bootWeb(Object(Config\Paths))
ERROR - 2024-07-28 21:28:02 --> mysqli_sql_exception: Cannot add or update a child row: a foreign key constraint fails (`bd_hotel`.`hoteles`, CONSTRAINT `hoteles_ibfk_3` FOREIGN KEY (`usuario_id`) REFERENCES `usuarios` (`usuario_id`)) in C:\xampp\htdocs\M2RA2---AAT\ci4_hotel\system\Database\MySQLi\Connection.php:312
Stack trace:
#0 C:\xampp\htdocs\M2RA2---AAT\ci4_hotel\system\Database\MySQLi\Connection.php(312): mysqli->query('UPDATE `hoteles...', 0)
#1 C:\xampp\htdocs\M2RA2---AAT\ci4_hotel\system\Database\BaseConnection.php(734): CodeIgniter\Database\MySQLi\Connection->execute('UPDATE `hoteles...')
#2 C:\xampp\htdocs\M2RA2---AAT\ci4_hotel\system\Database\BaseConnection.php(648): CodeIgniter\Database\BaseConnection->simpleQuery('UPDATE `hoteles...')
#3 C:\xampp\htdocs\M2RA2---AAT\ci4_hotel\system\Database\BaseBuilder.php(2508): CodeIgniter\Database\BaseConnection->query('UPDATE `hoteles...', Array, false)
#4 C:\xampp\htdocs\M2RA2---AAT\ci4_hotel\system\Model.php(461): CodeIgniter\Database\BaseBuilder->update()
#5 C:\xampp\htdocs\M2RA2---AAT\ci4_hotel\system\BaseModel.php(1028): CodeIgniter\Model->doUpdate(Array, Array)
#6 C:\xampp\htdocs\M2RA2---AAT\ci4_hotel\system\Model.php(865): CodeIgniter\BaseModel->update(Array, Array)
#7 C:\xampp\htdocs\M2RA2---AAT\ci4_hotel\app\Controllers\HotelesController.php(105): CodeIgniter\Model->update('1', Array)
#8 C:\xampp\htdocs\M2RA2---AAT\ci4_hotel\system\CodeIgniter.php(933): App\Controllers\HotelesController->modificarHotel()
#9 C:\xampp\htdocs\M2RA2---AAT\ci4_hotel\system\CodeIgniter.php(509): CodeIgniter\CodeIgniter->runController(Object(App\Controllers\HotelesController))
#10 C:\xampp\htdocs\M2RA2---AAT\ci4_hotel\system\CodeIgniter.php(355): CodeIgniter\CodeIgniter->handleRequest(NULL, Object(Config\Cache), false)
#11 C:\xampp\htdocs\M2RA2---AAT\ci4_hotel\system\Boot.php(325): CodeIgniter\CodeIgniter->run()
#12 C:\xampp\htdocs\M2RA2---AAT\ci4_hotel\system\Boot.php(67): CodeIgniter\Boot::runCodeIgniter(Object(CodeIgniter\CodeIgniter))
#13 C:\xampp\htdocs\M2RA2---AAT\ci4_hotel\public\index.php(56): CodeIgniter\Boot::bootWeb(Object(Config\Paths))
#14 {main}
CRITICAL - 2024-07-28 21:28:02 --> CodeIgniter\Database\Exceptions\DatabaseException: Cannot add or update a child row: a foreign key constraint fails (`bd_hotel`.`hoteles`, CONSTRAINT `hoteles_ibfk_3` FOREIGN KEY (`usuario_id`) REFERENCES `usuarios` (`usuario_id`))
[Method: POST, Route: modificar_hotel]
in SYSTEMPATH\Database\BaseConnection.php on line 688.
 1 SYSTEMPATH\Database\BaseBuilder.php(2508): CodeIgniter\Database\BaseConnection->query('UPDATE `hoteles` SET `hotel_id` = :hotel_id:, `nombre` = :nombre:, `telefono` = :telefono:, `direccion` = :direccion:, `ciudad_id` = :ciudad_id:, `categoria_id` = :categoria_id:, `usuario_id` = :usuario_id:
WHERE `hoteles`.`hotel_id` IN :hoteles.hotel_id:', [...], false)
 2 SYSTEMPATH\Model.php(461): CodeIgniter\Database\BaseBuilder->update()
 3 SYSTEMPATH\BaseModel.php(1028): CodeIgniter\Model->doUpdate([...], [...])
 4 SYSTEMPATH\Model.php(865): CodeIgniter\BaseModel->update([...], [...])
 5 APPPATH\Controllers\HotelesController.php(105): CodeIgniter\Model->update('1', [...])
 6 SYSTEMPATH\CodeIgniter.php(933): App\Controllers\HotelesController->modificarHotel()
 7 SYSTEMPATH\CodeIgniter.php(509): CodeIgniter\CodeIgniter->runController(Object(App\Controllers\HotelesController))
 8 SYSTEMPATH\CodeIgniter.php(355): CodeIgniter\CodeIgniter->handleRequest(null, Object(Config\Cache), false)
 9 SYSTEMPATH\Boot.php(325): CodeIgniter\CodeIgniter->run()
10 SYSTEMPATH\Boot.php(67): CodeIgniter\Boot::runCodeIgniter(Object(CodeIgniter\CodeIgniter))
11 FCPATH\index.php(56): CodeIgniter\Boot::bootWeb(Object(Config\Paths))
CRITICAL - 2024-07-28 21:28:02 --> [Caused by] CodeIgniter\Database\Exceptions\DatabaseException: Cannot add or update a child row: a foreign key constraint fails (`bd_hotel`.`hoteles`, CONSTRAINT `hoteles_ibfk_3` FOREIGN KEY (`usuario_id`) REFERENCES `usuarios` (`usuario_id`))
in SYSTEMPATH\Database\MySQLi\Connection.php on line 317.
 1 SYSTEMPATH\Database\BaseConnection.php(734): CodeIgniter\Database\MySQLi\Connection->execute('UPDATE `hoteles` SET `hotel_id` = \'1\', `nombre` = \'Gran Jaguar\', `telefono` = \'77894512\', `direccion` = \'Biotopo quezal km 250 carretera a Coban\', `ciudad_id` = \'4\', `categoria_id` = \'105\', `usuario_id` = \'\'
WHERE `hoteles`.`hotel_id` IN (\'1\')')
 2 SYSTEMPATH\Database\BaseConnection.php(648): CodeIgniter\Database\BaseConnection->simpleQuery('UPDATE `hoteles` SET `hotel_id` = \'1\', `nombre` = \'Gran Jaguar\', `telefono` = \'77894512\', `direccion` = \'Biotopo quezal km 250 carretera a Coban\', `ciudad_id` = \'4\', `categoria_id` = \'105\', `usuario_id` = \'\'
WHERE `hoteles`.`hotel_id` IN (\'1\')')
 3 SYSTEMPATH\Database\BaseBuilder.php(2508): CodeIgniter\Database\BaseConnection->query('UPDATE `hoteles` SET `hotel_id` = :hotel_id:, `nombre` = :nombre:, `telefono` = :telefono:, `direccion` = :direccion:, `ciudad_id` = :ciudad_id:, `categoria_id` = :categoria_id:, `usuario_id` = :usuario_id:
WHERE `hoteles`.`hotel_id` IN :hoteles.hotel_id:', [...], false)
 4 SYSTEMPATH\Model.php(461): CodeIgniter\Database\BaseBuilder->update()
 5 SYSTEMPATH\BaseModel.php(1028): CodeIgniter\Model->doUpdate([...], [...])
 6 SYSTEMPATH\Model.php(865): CodeIgniter\BaseModel->update([...], [...])
 7 APPPATH\Controllers\HotelesController.php(105): CodeIgniter\Model->update('1', [...])
 8 SYSTEMPATH\CodeIgniter.php(933): App\Controllers\HotelesController->modificarHotel()
 9 SYSTEMPATH\CodeIgniter.php(509): CodeIgniter\CodeIgniter->runController(Object(App\Controllers\HotelesController))
10 SYSTEMPATH\CodeIgniter.php(355): CodeIgniter\CodeIgniter->handleRequest(null, Object(Config\Cache), false)
11 SYSTEMPATH\Boot.php(325): CodeIgniter\CodeIgniter->run()
12 SYSTEMPATH\Boot.php(67): CodeIgniter\Boot::runCodeIgniter(Object(CodeIgniter\CodeIgniter))
13 FCPATH\index.php(56): CodeIgniter\Boot::bootWeb(Object(Config\Paths))
CRITICAL - 2024-07-28 21:28:02 --> [Caused by] mysqli_sql_exception: Cannot add or update a child row: a foreign key constraint fails (`bd_hotel`.`hoteles`, CONSTRAINT `hoteles_ibfk_3` FOREIGN KEY (`usuario_id`) REFERENCES `usuarios` (`usuario_id`))
in SYSTEMPATH\Database\MySQLi\Connection.php on line 312.
 1 SYSTEMPATH\Database\MySQLi\Connection.php(312): mysqli->query('UPDATE `hoteles` SET `hotel_id` = \'1\', `nombre` = \'Gran Jaguar\', `telefono` = \'77894512\', `direccion` = \'Biotopo quezal km 250 carretera a Coban\', `ciudad_id` = \'4\', `categoria_id` = \'105\', `usuario_id` = \'\'
WHERE `hoteles`.`hotel_id` IN (\'1\')', 0)
 2 SYSTEMPATH\Database\BaseConnection.php(734): CodeIgniter\Database\MySQLi\Connection->execute('UPDATE `hoteles` SET `hotel_id` = \'1\', `nombre` = \'Gran Jaguar\', `telefono` = \'77894512\', `direccion` = \'Biotopo quezal km 250 carretera a Coban\', `ciudad_id` = \'4\', `categoria_id` = \'105\', `usuario_id` = \'\'
WHERE `hoteles`.`hotel_id` IN (\'1\')')
 3 SYSTEMPATH\Database\BaseConnection.php(648): CodeIgniter\Database\BaseConnection->simpleQuery('UPDATE `hoteles` SET `hotel_id` = \'1\', `nombre` = \'Gran Jaguar\', `telefono` = \'77894512\', `direccion` = \'Biotopo quezal km 250 carretera a Coban\', `ciudad_id` = \'4\', `categoria_id` = \'105\', `usuario_id` = \'\'
WHERE `hoteles`.`hotel_id` IN (\'1\')')
 4 SYSTEMPATH\Database\BaseBuilder.php(2508): CodeIgniter\Database\BaseConnection->query('UPDATE `hoteles` SET `hotel_id` = :hotel_id:, `nombre` = :nombre:, `telefono` = :telefono:, `direccion` = :direccion:, `ciudad_id` = :ciudad_id:, `categoria_id` = :categoria_id:, `usuario_id` = :usuario_id:
WHERE `hoteles`.`hotel_id` IN :hoteles.hotel_id:', [...], false)
 5 SYSTEMPATH\Model.php(461): CodeIgniter\Database\BaseBuilder->update()
 6 SYSTEMPATH\BaseModel.php(1028): CodeIgniter\Model->doUpdate([...], [...])
 7 SYSTEMPATH\Model.php(865): CodeIgniter\BaseModel->update([...], [...])
 8 APPPATH\Controllers\HotelesController.php(105): CodeIgniter\Model->update('1', [...])
 9 SYSTEMPATH\CodeIgniter.php(933): App\Controllers\HotelesController->modificarHotel()
10 SYSTEMPATH\CodeIgniter.php(509): CodeIgniter\CodeIgniter->runController(Object(App\Controllers\HotelesController))
11 SYSTEMPATH\CodeIgniter.php(355): CodeIgniter\CodeIgniter->handleRequest(null, Object(Config\Cache), false)
12 SYSTEMPATH\Boot.php(325): CodeIgniter\CodeIgniter->run()
13 SYSTEMPATH\Boot.php(67): CodeIgniter\Boot::runCodeIgniter(Object(CodeIgniter\CodeIgniter))
14 FCPATH\index.php(56): CodeIgniter\Boot::bootWeb(Object(Config\Paths))
ERROR - 2024-07-28 21:28:24 --> mysqli_sql_exception: Cannot add or update a child row: a foreign key constraint fails (`bd_hotel`.`hoteles`, CONSTRAINT `hoteles_ibfk_3` FOREIGN KEY (`usuario_id`) REFERENCES `usuarios` (`usuario_id`)) in C:\xampp\htdocs\M2RA2---AAT\ci4_hotel\system\Database\MySQLi\Connection.php:312
Stack trace:
#0 C:\xampp\htdocs\M2RA2---AAT\ci4_hotel\system\Database\MySQLi\Connection.php(312): mysqli->query('UPDATE `hoteles...', 0)
#1 C:\xampp\htdocs\M2RA2---AAT\ci4_hotel\system\Database\BaseConnection.php(734): CodeIgniter\Database\MySQLi\Connection->execute('UPDATE `hoteles...')
#2 C:\xampp\htdocs\M2RA2---AAT\ci4_hotel\system\Database\BaseConnection.php(648): CodeIgniter\Database\BaseConnection->simpleQuery('UPDATE `hoteles...')
#3 C:\xampp\htdocs\M2RA2---AAT\ci4_hotel\system\Database\BaseBuilder.php(2508): CodeIgniter\Database\BaseConnection->query('UPDATE `hoteles...', Array, false)
#4 C:\xampp\htdocs\M2RA2---AAT\ci4_hotel\system\Model.php(461): CodeIgniter\Database\BaseBuilder->update()
#5 C:\xampp\htdocs\M2RA2---AAT\ci4_hotel\system\BaseModel.php(1028): CodeIgniter\Model->doUpdate(Array, Array)
#6 C:\xampp\htdocs\M2RA2---AAT\ci4_hotel\system\Model.php(865): CodeIgniter\BaseModel->update(Array, Array)
#7 C:\xampp\htdocs\M2RA2---AAT\ci4_hotel\app\Controllers\HotelesController.php(105): CodeIgniter\Model->update('1', Array)
#8 C:\xampp\htdocs\M2RA2---AAT\ci4_hotel\system\CodeIgniter.php(933): App\Controllers\HotelesController->modificarHotel()
#9 C:\xampp\htdocs\M2RA2---AAT\ci4_hotel\system\CodeIgniter.php(509): CodeIgniter\CodeIgniter->runController(Object(App\Controllers\HotelesController))
#10 C:\xampp\htdocs\M2RA2---AAT\ci4_hotel\system\CodeIgniter.php(355): CodeIgniter\CodeIgniter->handleRequest(NULL, Object(Config\Cache), false)
#11 C:\xampp\htdocs\M2RA2---AAT\ci4_hotel\system\Boot.php(325): CodeIgniter\CodeIgniter->run()
#12 C:\xampp\htdocs\M2RA2---AAT\ci4_hotel\system\Boot.php(67): CodeIgniter\Boot::runCodeIgniter(Object(CodeIgniter\CodeIgniter))
#13 C:\xampp\htdocs\M2RA2---AAT\ci4_hotel\public\index.php(56): CodeIgniter\Boot::bootWeb(Object(Config\Paths))
#14 {main}
CRITICAL - 2024-07-28 21:28:24 --> CodeIgniter\Database\Exceptions\DatabaseException: Cannot add or update a child row: a foreign key constraint fails (`bd_hotel`.`hoteles`, CONSTRAINT `hoteles_ibfk_3` FOREIGN KEY (`usuario_id`) REFERENCES `usuarios` (`usuario_id`))
[Method: POST, Route: modificar_hotel]
in SYSTEMPATH\Database\BaseConnection.php on line 688.
 1 SYSTEMPATH\Database\BaseBuilder.php(2508): CodeIgniter\Database\BaseConnection->query('UPDATE `hoteles` SET `hotel_id` = :hotel_id:, `nombre` = :nombre:, `telefono` = :telefono:, `direccion` = :direccion:, `ciudad_id` = :ciudad_id:, `categoria_id` = :categoria_id:, `usuario_id` = :usuario_id:
WHERE `hoteles`.`hotel_id` IN :hoteles.hotel_id:', [...], false)
 2 SYSTEMPATH\Model.php(461): CodeIgniter\Database\BaseBuilder->update()
 3 SYSTEMPATH\BaseModel.php(1028): CodeIgniter\Model->doUpdate([...], [...])
 4 SYSTEMPATH\Model.php(865): CodeIgniter\BaseModel->update([...], [...])
 5 APPPATH\Controllers\HotelesController.php(105): CodeIgniter\Model->update('1', [...])
 6 SYSTEMPATH\CodeIgniter.php(933): App\Controllers\HotelesController->modificarHotel()
 7 SYSTEMPATH\CodeIgniter.php(509): CodeIgniter\CodeIgniter->runController(Object(App\Controllers\HotelesController))
 8 SYSTEMPATH\CodeIgniter.php(355): CodeIgniter\CodeIgniter->handleRequest(null, Object(Config\Cache), false)
 9 SYSTEMPATH\Boot.php(325): CodeIgniter\CodeIgniter->run()
10 SYSTEMPATH\Boot.php(67): CodeIgniter\Boot::runCodeIgniter(Object(CodeIgniter\CodeIgniter))
11 FCPATH\index.php(56): CodeIgniter\Boot::bootWeb(Object(Config\Paths))
CRITICAL - 2024-07-28 21:28:24 --> [Caused by] CodeIgniter\Database\Exceptions\DatabaseException: Cannot add or update a child row: a foreign key constraint fails (`bd_hotel`.`hoteles`, CONSTRAINT `hoteles_ibfk_3` FOREIGN KEY (`usuario_id`) REFERENCES `usuarios` (`usuario_id`))
in SYSTEMPATH\Database\MySQLi\Connection.php on line 317.
 1 SYSTEMPATH\Database\BaseConnection.php(734): CodeIgniter\Database\MySQLi\Connection->execute('UPDATE `hoteles` SET `hotel_id` = \'1\', `nombre` = \'Gran Jaguar\', `telefono` = \'77894512\', `direccion` = \'Biotopo quezal km 250 carretera a Coban\', `ciudad_id` = \'4\', `categoria_id` = \'105\', `usuario_id` = \'32\'
WHERE `hoteles`.`hotel_id` IN (\'1\')')
 2 SYSTEMPATH\Database\BaseConnection.php(648): CodeIgniter\Database\BaseConnection->simpleQuery('UPDATE `hoteles` SET `hotel_id` = \'1\', `nombre` = \'Gran Jaguar\', `telefono` = \'77894512\', `direccion` = \'Biotopo quezal km 250 carretera a Coban\', `ciudad_id` = \'4\', `categoria_id` = \'105\', `usuario_id` = \'32\'
WHERE `hoteles`.`hotel_id` IN (\'1\')')
 3 SYSTEMPATH\Database\BaseBuilder.php(2508): CodeIgniter\Database\BaseConnection->query('UPDATE `hoteles` SET `hotel_id` = :hotel_id:, `nombre` = :nombre:, `telefono` = :telefono:, `direccion` = :direccion:, `ciudad_id` = :ciudad_id:, `categoria_id` = :categoria_id:, `usuario_id` = :usuario_id:
WHERE `hoteles`.`hotel_id` IN :hoteles.hotel_id:', [...], false)
 4 SYSTEMPATH\Model.php(461): CodeIgniter\Database\BaseBuilder->update()
 5 SYSTEMPATH\BaseModel.php(1028): CodeIgniter\Model->doUpdate([...], [...])
 6 SYSTEMPATH\Model.php(865): CodeIgniter\BaseModel->update([...], [...])
 7 APPPATH\Controllers\HotelesController.php(105): CodeIgniter\Model->update('1', [...])
 8 SYSTEMPATH\CodeIgniter.php(933): App\Controllers\HotelesController->modificarHotel()
 9 SYSTEMPATH\CodeIgniter.php(509): CodeIgniter\CodeIgniter->runController(Object(App\Controllers\HotelesController))
10 SYSTEMPATH\CodeIgniter.php(355): CodeIgniter\CodeIgniter->handleRequest(null, Object(Config\Cache), false)
11 SYSTEMPATH\Boot.php(325): CodeIgniter\CodeIgniter->run()
12 SYSTEMPATH\Boot.php(67): CodeIgniter\Boot::runCodeIgniter(Object(CodeIgniter\CodeIgniter))
13 FCPATH\index.php(56): CodeIgniter\Boot::bootWeb(Object(Config\Paths))
CRITICAL - 2024-07-28 21:28:24 --> [Caused by] mysqli_sql_exception: Cannot add or update a child row: a foreign key constraint fails (`bd_hotel`.`hoteles`, CONSTRAINT `hoteles_ibfk_3` FOREIGN KEY (`usuario_id`) REFERENCES `usuarios` (`usuario_id`))
in SYSTEMPATH\Database\MySQLi\Connection.php on line 312.
 1 SYSTEMPATH\Database\MySQLi\Connection.php(312): mysqli->query('UPDATE `hoteles` SET `hotel_id` = \'1\', `nombre` = \'Gran Jaguar\', `telefono` = \'77894512\', `direccion` = \'Biotopo quezal km 250 carretera a Coban\', `ciudad_id` = \'4\', `categoria_id` = \'105\', `usuario_id` = \'32\'
WHERE `hoteles`.`hotel_id` IN (\'1\')', 0)
 2 SYSTEMPATH\Database\BaseConnection.php(734): CodeIgniter\Database\MySQLi\Connection->execute('UPDATE `hoteles` SET `hotel_id` = \'1\', `nombre` = \'Gran Jaguar\', `telefono` = \'77894512\', `direccion` = \'Biotopo quezal km 250 carretera a Coban\', `ciudad_id` = \'4\', `categoria_id` = \'105\', `usuario_id` = \'32\'
WHERE `hoteles`.`hotel_id` IN (\'1\')')
 3 SYSTEMPATH\Database\BaseConnection.php(648): CodeIgniter\Database\BaseConnection->simpleQuery('UPDATE `hoteles` SET `hotel_id` = \'1\', `nombre` = \'Gran Jaguar\', `telefono` = \'77894512\', `direccion` = \'Biotopo quezal km 250 carretera a Coban\', `ciudad_id` = \'4\', `categoria_id` = \'105\', `usuario_id` = \'32\'
WHERE `hoteles`.`hotel_id` IN (\'1\')')
 4 SYSTEMPATH\Database\BaseBuilder.php(2508): CodeIgniter\Database\BaseConnection->query('UPDATE `hoteles` SET `hotel_id` = :hotel_id:, `nombre` = :nombre:, `telefono` = :telefono:, `direccion` = :direccion:, `ciudad_id` = :ciudad_id:, `categoria_id` = :categoria_id:, `usuario_id` = :usuario_id:
WHERE `hoteles`.`hotel_id` IN :hoteles.hotel_id:', [...], false)
 5 SYSTEMPATH\Model.php(461): CodeIgniter\Database\BaseBuilder->update()
 6 SYSTEMPATH\BaseModel.php(1028): CodeIgniter\Model->doUpdate([...], [...])
 7 SYSTEMPATH\Model.php(865): CodeIgniter\BaseModel->update([...], [...])
 8 APPPATH\Controllers\HotelesController.php(105): CodeIgniter\Model->update('1', [...])
 9 SYSTEMPATH\CodeIgniter.php(933): App\Controllers\HotelesController->modificarHotel()
10 SYSTEMPATH\CodeIgniter.php(509): CodeIgniter\CodeIgniter->runController(Object(App\Controllers\HotelesController))
11 SYSTEMPATH\CodeIgniter.php(355): CodeIgniter\CodeIgniter->handleRequest(null, Object(Config\Cache), false)
12 SYSTEMPATH\Boot.php(325): CodeIgniter\CodeIgniter->run()
13 SYSTEMPATH\Boot.php(67): CodeIgniter\Boot::runCodeIgniter(Object(CodeIgniter\CodeIgniter))
14 FCPATH\index.php(56): CodeIgniter\Boot::bootWeb(Object(Config\Paths))
ERROR - 2024-07-28 21:28:27 --> mysqli_sql_exception: Cannot add or update a child row: a foreign key constraint fails (`bd_hotel`.`hoteles`, CONSTRAINT `hoteles_ibfk_3` FOREIGN KEY (`usuario_id`) REFERENCES `usuarios` (`usuario_id`)) in C:\xampp\htdocs\M2RA2---AAT\ci4_hotel\system\Database\MySQLi\Connection.php:312
Stack trace:
#0 C:\xampp\htdocs\M2RA2---AAT\ci4_hotel\system\Database\MySQLi\Connection.php(312): mysqli->query('UPDATE `hoteles...', 0)
#1 C:\xampp\htdocs\M2RA2---AAT\ci4_hotel\system\Database\BaseConnection.php(734): CodeIgniter\Database\MySQLi\Connection->execute('UPDATE `hoteles...')
#2 C:\xampp\htdocs\M2RA2---AAT\ci4_hotel\system\Database\BaseConnection.php(648): CodeIgniter\Database\BaseConnection->simpleQuery('UPDATE `hoteles...')
#3 C:\xampp\htdocs\M2RA2---AAT\ci4_hotel\system\Database\BaseBuilder.php(2508): CodeIgniter\Database\BaseConnection->query('UPDATE `hoteles...', Array, false)
#4 C:\xampp\htdocs\M2RA2---AAT\ci4_hotel\system\Model.php(461): CodeIgniter\Database\BaseBuilder->update()
#5 C:\xampp\htdocs\M2RA2---AAT\ci4_hotel\system\BaseModel.php(1028): CodeIgniter\Model->doUpdate(Array, Array)
#6 C:\xampp\htdocs\M2RA2---AAT\ci4_hotel\system\Model.php(865): CodeIgniter\BaseModel->update(Array, Array)
#7 C:\xampp\htdocs\M2RA2---AAT\ci4_hotel\app\Controllers\HotelesController.php(105): CodeIgniter\Model->update('1', Array)
#8 C:\xampp\htdocs\M2RA2---AAT\ci4_hotel\system\CodeIgniter.php(933): App\Controllers\HotelesController->modificarHotel()
#9 C:\xampp\htdocs\M2RA2---AAT\ci4_hotel\system\CodeIgniter.php(509): CodeIgniter\CodeIgniter->runController(Object(App\Controllers\HotelesController))
#10 C:\xampp\htdocs\M2RA2---AAT\ci4_hotel\system\CodeIgniter.php(355): CodeIgniter\CodeIgniter->handleRequest(NULL, Object(Config\Cache), false)
#11 C:\xampp\htdocs\M2RA2---AAT\ci4_hotel\system\Boot.php(325): CodeIgniter\CodeIgniter->run()
#12 C:\xampp\htdocs\M2RA2---AAT\ci4_hotel\system\Boot.php(67): CodeIgniter\Boot::runCodeIgniter(Object(CodeIgniter\CodeIgniter))
#13 C:\xampp\htdocs\M2RA2---AAT\ci4_hotel\public\index.php(56): CodeIgniter\Boot::bootWeb(Object(Config\Paths))
#14 {main}
CRITICAL - 2024-07-28 21:28:27 --> CodeIgniter\Database\Exceptions\DatabaseException: Cannot add or update a child row: a foreign key constraint fails (`bd_hotel`.`hoteles`, CONSTRAINT `hoteles_ibfk_3` FOREIGN KEY (`usuario_id`) REFERENCES `usuarios` (`usuario_id`))
[Method: POST, Route: modificar_hotel]
in SYSTEMPATH\Database\BaseConnection.php on line 688.
 1 SYSTEMPATH\Database\BaseBuilder.php(2508): CodeIgniter\Database\BaseConnection->query('UPDATE `hoteles` SET `hotel_id` = :hotel_id:, `nombre` = :nombre:, `telefono` = :telefono:, `direccion` = :direccion:, `ciudad_id` = :ciudad_id:, `categoria_id` = :categoria_id:, `usuario_id` = :usuario_id:
WHERE `hoteles`.`hotel_id` IN :hoteles.hotel_id:', [...], false)
 2 SYSTEMPATH\Model.php(461): CodeIgniter\Database\BaseBuilder->update()
 3 SYSTEMPATH\BaseModel.php(1028): CodeIgniter\Model->doUpdate([...], [...])
 4 SYSTEMPATH\Model.php(865): CodeIgniter\BaseModel->update([...], [...])
 5 APPPATH\Controllers\HotelesController.php(105): CodeIgniter\Model->update('1', [...])
 6 SYSTEMPATH\CodeIgniter.php(933): App\Controllers\HotelesController->modificarHotel()
 7 SYSTEMPATH\CodeIgniter.php(509): CodeIgniter\CodeIgniter->runController(Object(App\Controllers\HotelesController))
 8 SYSTEMPATH\CodeIgniter.php(355): CodeIgniter\CodeIgniter->handleRequest(null, Object(Config\Cache), false)
 9 SYSTEMPATH\Boot.php(325): CodeIgniter\CodeIgniter->run()
10 SYSTEMPATH\Boot.php(67): CodeIgniter\Boot::runCodeIgniter(Object(CodeIgniter\CodeIgniter))
11 FCPATH\index.php(56): CodeIgniter\Boot::bootWeb(Object(Config\Paths))
CRITICAL - 2024-07-28 21:28:27 --> [Caused by] CodeIgniter\Database\Exceptions\DatabaseException: Cannot add or update a child row: a foreign key constraint fails (`bd_hotel`.`hoteles`, CONSTRAINT `hoteles_ibfk_3` FOREIGN KEY (`usuario_id`) REFERENCES `usuarios` (`usuario_id`))
in SYSTEMPATH\Database\MySQLi\Connection.php on line 317.
 1 SYSTEMPATH\Database\BaseConnection.php(734): CodeIgniter\Database\MySQLi\Connection->execute('UPDATE `hoteles` SET `hotel_id` = \'1\', `nombre` = \'Gran Jaguar\', `telefono` = \'77894512\', `direccion` = \'Biotopo quezal km 250 carretera a Coban\', `ciudad_id` = \'4\', `categoria_id` = \'105\', `usuario_id` = \'1\'
WHERE `hoteles`.`hotel_id` IN (\'1\')')
 2 SYSTEMPATH\Database\BaseConnection.php(648): CodeIgniter\Database\BaseConnection->simpleQuery('UPDATE `hoteles` SET `hotel_id` = \'1\', `nombre` = \'Gran Jaguar\', `telefono` = \'77894512\', `direccion` = \'Biotopo quezal km 250 carretera a Coban\', `ciudad_id` = \'4\', `categoria_id` = \'105\', `usuario_id` = \'1\'
WHERE `hoteles`.`hotel_id` IN (\'1\')')
 3 SYSTEMPATH\Database\BaseBuilder.php(2508): CodeIgniter\Database\BaseConnection->query('UPDATE `hoteles` SET `hotel_id` = :hotel_id:, `nombre` = :nombre:, `telefono` = :telefono:, `direccion` = :direccion:, `ciudad_id` = :ciudad_id:, `categoria_id` = :categoria_id:, `usuario_id` = :usuario_id:
WHERE `hoteles`.`hotel_id` IN :hoteles.hotel_id:', [...], false)
 4 SYSTEMPATH\Model.php(461): CodeIgniter\Database\BaseBuilder->update()
 5 SYSTEMPATH\BaseModel.php(1028): CodeIgniter\Model->doUpdate([...], [...])
 6 SYSTEMPATH\Model.php(865): CodeIgniter\BaseModel->update([...], [...])
 7 APPPATH\Controllers\HotelesController.php(105): CodeIgniter\Model->update('1', [...])
 8 SYSTEMPATH\CodeIgniter.php(933): App\Controllers\HotelesController->modificarHotel()
 9 SYSTEMPATH\CodeIgniter.php(509): CodeIgniter\CodeIgniter->runController(Object(App\Controllers\HotelesController))
10 SYSTEMPATH\CodeIgniter.php(355): CodeIgniter\CodeIgniter->handleRequest(null, Object(Config\Cache), false)
11 SYSTEMPATH\Boot.php(325): CodeIgniter\CodeIgniter->run()
12 SYSTEMPATH\Boot.php(67): CodeIgniter\Boot::runCodeIgniter(Object(CodeIgniter\CodeIgniter))
13 FCPATH\index.php(56): CodeIgniter\Boot::bootWeb(Object(Config\Paths))
CRITICAL - 2024-07-28 21:28:27 --> [Caused by] mysqli_sql_exception: Cannot add or update a child row: a foreign key constraint fails (`bd_hotel`.`hoteles`, CONSTRAINT `hoteles_ibfk_3` FOREIGN KEY (`usuario_id`) REFERENCES `usuarios` (`usuario_id`))
in SYSTEMPATH\Database\MySQLi\Connection.php on line 312.
 1 SYSTEMPATH\Database\MySQLi\Connection.php(312): mysqli->query('UPDATE `hoteles` SET `hotel_id` = \'1\', `nombre` = \'Gran Jaguar\', `telefono` = \'77894512\', `direccion` = \'Biotopo quezal km 250 carretera a Coban\', `ciudad_id` = \'4\', `categoria_id` = \'105\', `usuario_id` = \'1\'
WHERE `hoteles`.`hotel_id` IN (\'1\')', 0)
 2 SYSTEMPATH\Database\BaseConnection.php(734): CodeIgniter\Database\MySQLi\Connection->execute('UPDATE `hoteles` SET `hotel_id` = \'1\', `nombre` = \'Gran Jaguar\', `telefono` = \'77894512\', `direccion` = \'Biotopo quezal km 250 carretera a Coban\', `ciudad_id` = \'4\', `categoria_id` = \'105\', `usuario_id` = \'1\'
WHERE `hoteles`.`hotel_id` IN (\'1\')')
 3 SYSTEMPATH\Database\BaseConnection.php(648): CodeIgniter\Database\BaseConnection->simpleQuery('UPDATE `hoteles` SET `hotel_id` = \'1\', `nombre` = \'Gran Jaguar\', `telefono` = \'77894512\', `direccion` = \'Biotopo quezal km 250 carretera a Coban\', `ciudad_id` = \'4\', `categoria_id` = \'105\', `usuario_id` = \'1\'
WHERE `hoteles`.`hotel_id` IN (\'1\')')
 4 SYSTEMPATH\Database\BaseBuilder.php(2508): CodeIgniter\Database\BaseConnection->query('UPDATE `hoteles` SET `hotel_id` = :hotel_id:, `nombre` = :nombre:, `telefono` = :telefono:, `direccion` = :direccion:, `ciudad_id` = :ciudad_id:, `categoria_id` = :categoria_id:, `usuario_id` = :usuario_id:
WHERE `hoteles`.`hotel_id` IN :hoteles.hotel_id:', [...], false)
 5 SYSTEMPATH\Model.php(461): CodeIgniter\Database\BaseBuilder->update()
 6 SYSTEMPATH\BaseModel.php(1028): CodeIgniter\Model->doUpdate([...], [...])
 7 SYSTEMPATH\Model.php(865): CodeIgniter\BaseModel->update([...], [...])
 8 APPPATH\Controllers\HotelesController.php(105): CodeIgniter\Model->update('1', [...])
 9 SYSTEMPATH\CodeIgniter.php(933): App\Controllers\HotelesController->modificarHotel()
10 SYSTEMPATH\CodeIgniter.php(509): CodeIgniter\CodeIgniter->runController(Object(App\Controllers\HotelesController))
11 SYSTEMPATH\CodeIgniter.php(355): CodeIgniter\CodeIgniter->handleRequest(null, Object(Config\Cache), false)
12 SYSTEMPATH\Boot.php(325): CodeIgniter\CodeIgniter->run()
13 SYSTEMPATH\Boot.php(67): CodeIgniter\Boot::runCodeIgniter(Object(CodeIgniter\CodeIgniter))
14 FCPATH\index.php(56): CodeIgniter\Boot::bootWeb(Object(Config\Paths))
ERROR - 2024-07-28 21:28:30 --> mysqli_sql_exception: Cannot add or update a child row: a foreign key constraint fails (`bd_hotel`.`hoteles`, CONSTRAINT `hoteles_ibfk_3` FOREIGN KEY (`usuario_id`) REFERENCES `usuarios` (`usuario_id`)) in C:\xampp\htdocs\M2RA2---AAT\ci4_hotel\system\Database\MySQLi\Connection.php:312
Stack trace:
#0 C:\xampp\htdocs\M2RA2---AAT\ci4_hotel\system\Database\MySQLi\Connection.php(312): mysqli->query('UPDATE `hoteles...', 0)
#1 C:\xampp\htdocs\M2RA2---AAT\ci4_hotel\system\Database\BaseConnection.php(734): CodeIgniter\Database\MySQLi\Connection->execute('UPDATE `hoteles...')
#2 C:\xampp\htdocs\M2RA2---AAT\ci4_hotel\system\Database\BaseConnection.php(648): CodeIgniter\Database\BaseConnection->simpleQuery('UPDATE `hoteles...')
#3 C:\xampp\htdocs\M2RA2---AAT\ci4_hotel\system\Database\BaseBuilder.php(2508): CodeIgniter\Database\BaseConnection->query('UPDATE `hoteles...', Array, false)
#4 C:\xampp\htdocs\M2RA2---AAT\ci4_hotel\system\Model.php(461): CodeIgniter\Database\BaseBuilder->update()
#5 C:\xampp\htdocs\M2RA2---AAT\ci4_hotel\system\BaseModel.php(1028): CodeIgniter\Model->doUpdate(Array, Array)
#6 C:\xampp\htdocs\M2RA2---AAT\ci4_hotel\system\Model.php(865): CodeIgniter\BaseModel->update(Array, Array)
#7 C:\xampp\htdocs\M2RA2---AAT\ci4_hotel\app\Controllers\HotelesController.php(105): CodeIgniter\Model->update('1', Array)
#8 C:\xampp\htdocs\M2RA2---AAT\ci4_hotel\system\CodeIgniter.php(933): App\Controllers\HotelesController->modificarHotel()
#9 C:\xampp\htdocs\M2RA2---AAT\ci4_hotel\system\CodeIgniter.php(509): CodeIgniter\CodeIgniter->runController(Object(App\Controllers\HotelesController))
#10 C:\xampp\htdocs\M2RA2---AAT\ci4_hotel\system\CodeIgniter.php(355): CodeIgniter\CodeIgniter->handleRequest(NULL, Object(Config\Cache), false)
#11 C:\xampp\htdocs\M2RA2---AAT\ci4_hotel\system\Boot.php(325): CodeIgniter\CodeIgniter->run()
#12 C:\xampp\htdocs\M2RA2---AAT\ci4_hotel\system\Boot.php(67): CodeIgniter\Boot::runCodeIgniter(Object(CodeIgniter\CodeIgniter))
#13 C:\xampp\htdocs\M2RA2---AAT\ci4_hotel\public\index.php(56): CodeIgniter\Boot::bootWeb(Object(Config\Paths))
#14 {main}
CRITICAL - 2024-07-28 21:28:30 --> CodeIgniter\Database\Exceptions\DatabaseException: Cannot add or update a child row: a foreign key constraint fails (`bd_hotel`.`hoteles`, CONSTRAINT `hoteles_ibfk_3` FOREIGN KEY (`usuario_id`) REFERENCES `usuarios` (`usuario_id`))
[Method: POST, Route: modificar_hotel]
in SYSTEMPATH\Database\BaseConnection.php on line 688.
 1 SYSTEMPATH\Database\BaseBuilder.php(2508): CodeIgniter\Database\BaseConnection->query('UPDATE `hoteles` SET `hotel_id` = :hotel_id:, `nombre` = :nombre:, `telefono` = :telefono:, `direccion` = :direccion:, `ciudad_id` = :ciudad_id:, `categoria_id` = :categoria_id:, `usuario_id` = :usuario_id:
WHERE `hoteles`.`hotel_id` IN :hoteles.hotel_id:', [...], false)
 2 SYSTEMPATH\Model.php(461): CodeIgniter\Database\BaseBuilder->update()
 3 SYSTEMPATH\BaseModel.php(1028): CodeIgniter\Model->doUpdate([...], [...])
 4 SYSTEMPATH\Model.php(865): CodeIgniter\BaseModel->update([...], [...])
 5 APPPATH\Controllers\HotelesController.php(105): CodeIgniter\Model->update('1', [...])
 6 SYSTEMPATH\CodeIgniter.php(933): App\Controllers\HotelesController->modificarHotel()
 7 SYSTEMPATH\CodeIgniter.php(509): CodeIgniter\CodeIgniter->runController(Object(App\Controllers\HotelesController))
 8 SYSTEMPATH\CodeIgniter.php(355): CodeIgniter\CodeIgniter->handleRequest(null, Object(Config\Cache), false)
 9 SYSTEMPATH\Boot.php(325): CodeIgniter\CodeIgniter->run()
10 SYSTEMPATH\Boot.php(67): CodeIgniter\Boot::runCodeIgniter(Object(CodeIgniter\CodeIgniter))
11 FCPATH\index.php(56): CodeIgniter\Boot::bootWeb(Object(Config\Paths))
CRITICAL - 2024-07-28 21:28:30 --> [Caused by] CodeIgniter\Database\Exceptions\DatabaseException: Cannot add or update a child row: a foreign key constraint fails (`bd_hotel`.`hoteles`, CONSTRAINT `hoteles_ibfk_3` FOREIGN KEY (`usuario_id`) REFERENCES `usuarios` (`usuario_id`))
in SYSTEMPATH\Database\MySQLi\Connection.php on line 317.
 1 SYSTEMPATH\Database\BaseConnection.php(734): CodeIgniter\Database\MySQLi\Connection->execute('UPDATE `hoteles` SET `hotel_id` = \'1\', `nombre` = \'Gran Jaguar\', `telefono` = \'77894512\', `direccion` = \'Biotopo quezal km 250 carretera a Coban\', `ciudad_id` = \'4\', `categoria_id` = \'105\', `usuario_id` = \'111\'
WHERE `hoteles`.`hotel_id` IN (\'1\')')
 2 SYSTEMPATH\Database\BaseConnection.php(648): CodeIgniter\Database\BaseConnection->simpleQuery('UPDATE `hoteles` SET `hotel_id` = \'1\', `nombre` = \'Gran Jaguar\', `telefono` = \'77894512\', `direccion` = \'Biotopo quezal km 250 carretera a Coban\', `ciudad_id` = \'4\', `categoria_id` = \'105\', `usuario_id` = \'111\'
WHERE `hoteles`.`hotel_id` IN (\'1\')')
 3 SYSTEMPATH\Database\BaseBuilder.php(2508): CodeIgniter\Database\BaseConnection->query('UPDATE `hoteles` SET `hotel_id` = :hotel_id:, `nombre` = :nombre:, `telefono` = :telefono:, `direccion` = :direccion:, `ciudad_id` = :ciudad_id:, `categoria_id` = :categoria_id:, `usuario_id` = :usuario_id:
WHERE `hoteles`.`hotel_id` IN :hoteles.hotel_id:', [...], false)
 4 SYSTEMPATH\Model.php(461): CodeIgniter\Database\BaseBuilder->update()
 5 SYSTEMPATH\BaseModel.php(1028): CodeIgniter\Model->doUpdate([...], [...])
 6 SYSTEMPATH\Model.php(865): CodeIgniter\BaseModel->update([...], [...])
 7 APPPATH\Controllers\HotelesController.php(105): CodeIgniter\Model->update('1', [...])
 8 SYSTEMPATH\CodeIgniter.php(933): App\Controllers\HotelesController->modificarHotel()
 9 SYSTEMPATH\CodeIgniter.php(509): CodeIgniter\CodeIgniter->runController(Object(App\Controllers\HotelesController))
10 SYSTEMPATH\CodeIgniter.php(355): CodeIgniter\CodeIgniter->handleRequest(null, Object(Config\Cache), false)
11 SYSTEMPATH\Boot.php(325): CodeIgniter\CodeIgniter->run()
12 SYSTEMPATH\Boot.php(67): CodeIgniter\Boot::runCodeIgniter(Object(CodeIgniter\CodeIgniter))
13 FCPATH\index.php(56): CodeIgniter\Boot::bootWeb(Object(Config\Paths))
CRITICAL - 2024-07-28 21:28:30 --> [Caused by] mysqli_sql_exception: Cannot add or update a child row: a foreign key constraint fails (`bd_hotel`.`hoteles`, CONSTRAINT `hoteles_ibfk_3` FOREIGN KEY (`usuario_id`) REFERENCES `usuarios` (`usuario_id`))
in SYSTEMPATH\Database\MySQLi\Connection.php on line 312.
 1 SYSTEMPATH\Database\MySQLi\Connection.php(312): mysqli->query('UPDATE `hoteles` SET `hotel_id` = \'1\', `nombre` = \'Gran Jaguar\', `telefono` = \'77894512\', `direccion` = \'Biotopo quezal km 250 carretera a Coban\', `ciudad_id` = \'4\', `categoria_id` = \'105\', `usuario_id` = \'111\'
WHERE `hoteles`.`hotel_id` IN (\'1\')', 0)
 2 SYSTEMPATH\Database\BaseConnection.php(734): CodeIgniter\Database\MySQLi\Connection->execute('UPDATE `hoteles` SET `hotel_id` = \'1\', `nombre` = \'Gran Jaguar\', `telefono` = \'77894512\', `direccion` = \'Biotopo quezal km 250 carretera a Coban\', `ciudad_id` = \'4\', `categoria_id` = \'105\', `usuario_id` = \'111\'
WHERE `hoteles`.`hotel_id` IN (\'1\')')
 3 SYSTEMPATH\Database\BaseConnection.php(648): CodeIgniter\Database\BaseConnection->simpleQuery('UPDATE `hoteles` SET `hotel_id` = \'1\', `nombre` = \'Gran Jaguar\', `telefono` = \'77894512\', `direccion` = \'Biotopo quezal km 250 carretera a Coban\', `ciudad_id` = \'4\', `categoria_id` = \'105\', `usuario_id` = \'111\'
WHERE `hoteles`.`hotel_id` IN (\'1\')')
 4 SYSTEMPATH\Database\BaseBuilder.php(2508): CodeIgniter\Database\BaseConnection->query('UPDATE `hoteles` SET `hotel_id` = :hotel_id:, `nombre` = :nombre:, `telefono` = :telefono:, `direccion` = :direccion:, `ciudad_id` = :ciudad_id:, `categoria_id` = :categoria_id:, `usuario_id` = :usuario_id:
WHERE `hoteles`.`hotel_id` IN :hoteles.hotel_id:', [...], false)
 5 SYSTEMPATH\Model.php(461): CodeIgniter\Database\BaseBuilder->update()
 6 SYSTEMPATH\BaseModel.php(1028): CodeIgniter\Model->doUpdate([...], [...])
 7 SYSTEMPATH\Model.php(865): CodeIgniter\BaseModel->update([...], [...])
 8 APPPATH\Controllers\HotelesController.php(105): CodeIgniter\Model->update('1', [...])
 9 SYSTEMPATH\CodeIgniter.php(933): App\Controllers\HotelesController->modificarHotel()
10 SYSTEMPATH\CodeIgniter.php(509): CodeIgniter\CodeIgniter->runController(Object(App\Controllers\HotelesController))
11 SYSTEMPATH\CodeIgniter.php(355): CodeIgniter\CodeIgniter->handleRequest(null, Object(Config\Cache), false)
12 SYSTEMPATH\Boot.php(325): CodeIgniter\CodeIgniter->run()
13 SYSTEMPATH\Boot.php(67): CodeIgniter\Boot::runCodeIgniter(Object(CodeIgniter\CodeIgniter))
14 FCPATH\index.php(56): CodeIgniter\Boot::bootWeb(Object(Config\Paths))
CRITICAL - 2024-07-28 22:01:52 --> Error: Call to undefined function set_value()
[Method: GET, Route: agregar_cliente]
in APPPATH\Views\agregarCliente.php on line 65.
 1 SYSTEMPATH\View\View.php(234): include()
 2 SYSTEMPATH\View\View.php(237): CodeIgniter\View\View->CodeIgniter\View\{closure}()
 3 SYSTEMPATH\Common.php(1171): CodeIgniter\View\View->render('agregarCliente', [], true)
 4 APPPATH\Controllers\ClientesController.php(17): view('agregarCliente')
 5 SYSTEMPATH\CodeIgniter.php(933): App\Controllers\ClientesController->nuevoCliente()
 6 SYSTEMPATH\CodeIgniter.php(509): CodeIgniter\CodeIgniter->runController(Object(App\Controllers\ClientesController))
 7 SYSTEMPATH\CodeIgniter.php(355): CodeIgniter\CodeIgniter->handleRequest(null, Object(Config\Cache), false)
 8 SYSTEMPATH\Boot.php(325): CodeIgniter\CodeIgniter->run()
 9 SYSTEMPATH\Boot.php(67): CodeIgniter\Boot::runCodeIgniter(Object(CodeIgniter\CodeIgniter))
10 FCPATH\index.php(56): CodeIgniter\Boot::bootWeb(Object(Config\Paths))
CRITICAL - 2024-07-28 22:02:06 --> Error: Call to undefined function set_value()
[Method: GET, Route: agregar_cliente]
in APPPATH\Views\agregarCliente.php on line 65.
 1 SYSTEMPATH\View\View.php(234): include()
 2 SYSTEMPATH\View\View.php(237): CodeIgniter\View\View->CodeIgniter\View\{closure}()
 3 SYSTEMPATH\Common.php(1171): CodeIgniter\View\View->render('agregarCliente', [], true)
 4 APPPATH\Controllers\ClientesController.php(17): view('agregarCliente')
 5 SYSTEMPATH\CodeIgniter.php(933): App\Controllers\ClientesController->nuevoCliente()
 6 SYSTEMPATH\CodeIgniter.php(509): CodeIgniter\CodeIgniter->runController(Object(App\Controllers\ClientesController))
 7 SYSTEMPATH\CodeIgniter.php(355): CodeIgniter\CodeIgniter->handleRequest(null, Object(Config\Cache), false)
 8 SYSTEMPATH\Boot.php(325): CodeIgniter\CodeIgniter->run()
 9 SYSTEMPATH\Boot.php(67): CodeIgniter\Boot::runCodeIgniter(Object(CodeIgniter\CodeIgniter))
10 FCPATH\index.php(56): CodeIgniter\Boot::bootWeb(Object(Config\Paths))
CRITICAL - 2024-07-28 22:02:16 --> Error: Call to undefined function set_value()
[Method: GET, Route: agregar_cliente]
in APPPATH\Views\agregarCliente.php on line 65.
 1 SYSTEMPATH\View\View.php(234): include()
 2 SYSTEMPATH\View\View.php(237): CodeIgniter\View\View->CodeIgniter\View\{closure}()
 3 SYSTEMPATH\Common.php(1171): CodeIgniter\View\View->render('agregarCliente', [], true)
 4 APPPATH\Controllers\ClientesController.php(17): view('agregarCliente')
 5 SYSTEMPATH\CodeIgniter.php(933): App\Controllers\ClientesController->nuevoCliente()
 6 SYSTEMPATH\CodeIgniter.php(509): CodeIgniter\CodeIgniter->runController(Object(App\Controllers\ClientesController))
 7 SYSTEMPATH\CodeIgniter.php(355): CodeIgniter\CodeIgniter->handleRequest(null, Object(Config\Cache), false)
 8 SYSTEMPATH\Boot.php(325): CodeIgniter\CodeIgniter->run()
 9 SYSTEMPATH\Boot.php(67): CodeIgniter\Boot::runCodeIgniter(Object(CodeIgniter\CodeIgniter))
10 FCPATH\index.php(56): CodeIgniter\Boot::bootWeb(Object(Config\Paths))
