CRITICAL - 2024-07-29 01:41:35 --> ErrorException: Undefined variable $clientes
[Method: GET, Route: ver_reservaciones]
in APPPATH\Views\reservaciones.php on line 130.
 1 APPPATH\Views\reservaciones.php(130): CodeIgniter\Debug\Exceptions->errorHandler(2, 'Undefined variable $clientes', 'C:\\xampp\\htdocs\\M2RA2---AAT\\ci4_hotel\\app\\Views\\reservaciones.php', 130)
 2 SYSTEMPATH\View\View.php(234): include('C:\\xampp\\htdocs\\M2RA2---AAT\\ci4_hotel\\app\\Views\\reservaciones.php')
 3 SYSTEMPATH\View\View.php(237): CodeIgniter\View\View->CodeIgniter\View\{closure}()
 4 SYSTEMPATH\Common.php(1171): CodeIgniter\View\View->render('reservaciones', [], true)
 5 APPPATH\Controllers\ReservacionesController.php(14): view('reservaciones', [...])
 6 SYSTEMPATH\CodeIgniter.php(933): App\Controllers\ReservacionesController->index()
 7 SYSTEMPATH\CodeIgniter.php(509): CodeIgniter\CodeIgniter->runController(Object(App\Controllers\ReservacionesController))
 8 SYSTEMPATH\CodeIgniter.php(355): CodeIgniter\CodeIgniter->handleRequest(null, Object(Config\Cache), false)
 9 SYSTEMPATH\Boot.php(325): CodeIgniter\CodeIgniter->run()
10 SYSTEMPATH\Boot.php(67): CodeIgniter\Boot::runCodeIgniter(Object(CodeIgniter\CodeIgniter))
11 FCPATH\index.php(56): CodeIgniter\Boot::bootWeb(Object(Config\Paths))
CRITICAL - 2024-07-29 15:32:12 --> ErrorException: Undefined array key "reservacion_id"
[Method: POST, Route: modificar_cliente]
in APPPATH\Controllers\ClientesController.php on line 81.
 1 APPPATH\Controllers\ClientesController.php(81): CodeIgniter\Debug\Exceptions->errorHandler(2, 'Undefined array key "reservacion_id"', 'C:\\xampp\\htdocs\\M2RA2---AAT\\ci4_hotel\\app\\Controllers\\ClientesController.php', 81)
 2 SYSTEMPATH\CodeIgniter.php(933): App\Controllers\ClientesController->modificarClientes()
 3 SYSTEMPATH\CodeIgniter.php(509): CodeIgniter\CodeIgniter->runController(Object(App\Controllers\ClientesController))
 4 SYSTEMPATH\CodeIgniter.php(355): CodeIgniter\CodeIgniter->handleRequest(null, Object(Config\Cache), false)
 5 SYSTEMPATH\Boot.php(325): CodeIgniter\CodeIgniter->run()
 6 SYSTEMPATH\Boot.php(67): CodeIgniter\Boot::runCodeIgniter(Object(CodeIgniter\CodeIgniter))
 7 FCPATH\index.php(56): CodeIgniter\Boot::bootWeb(Object(Config\Paths))
CRITICAL - 2024-07-29 15:32:21 --> ErrorException: Undefined array key "reservacion_id"
[Method: POST, Route: modificar_cliente]
in APPPATH\Controllers\ClientesController.php on line 81.
 1 APPPATH\Controllers\ClientesController.php(81): CodeIgniter\Debug\Exceptions->errorHandler(2, 'Undefined array key "reservacion_id"', 'C:\\xampp\\htdocs\\M2RA2---AAT\\ci4_hotel\\app\\Controllers\\ClientesController.php', 81)
 2 SYSTEMPATH\CodeIgniter.php(933): App\Controllers\ClientesController->modificarClientes()
 3 SYSTEMPATH\CodeIgniter.php(509): CodeIgniter\CodeIgniter->runController(Object(App\Controllers\ClientesController))
 4 SYSTEMPATH\CodeIgniter.php(355): CodeIgniter\CodeIgniter->handleRequest(null, Object(Config\Cache), false)
 5 SYSTEMPATH\Boot.php(325): CodeIgniter\CodeIgniter->run()
 6 SYSTEMPATH\Boot.php(67): CodeIgniter\Boot::runCodeIgniter(Object(CodeIgniter\CodeIgniter))
 7 FCPATH\index.php(56): CodeIgniter\Boot::bootWeb(Object(Config\Paths))
ERROR - 2024-07-29 15:32:58 --> mysqli_sql_exception: Cannot add or update a child row: a foreign key constraint fails (`bd_hotel`.`hoteles`, CONSTRAINT `hoteles_ibfk_3` FOREIGN KEY (`usuario_id`) REFERENCES `usuarios` (`usuario_id`)) in C:\xampp\htdocs\M2RA2---AAT\ci4_hotel\system\Database\MySQLi\Connection.php:312
Stack trace:
#0 C:\xampp\htdocs\M2RA2---AAT\ci4_hotel\system\Database\MySQLi\Connection.php(312): mysqli->query('UPDATE `hoteles...', 0)
#1 C:\xampp\htdocs\M2RA2---AAT\ci4_hotel\system\Database\BaseConnection.php(734): CodeIgniter\Database\MySQLi\Connection->execute('UPDATE `hoteles...')
#2 C:\xampp\htdocs\M2RA2---AAT\ci4_hotel\system\Database\BaseConnection.php(648): CodeIgniter\Database\BaseConnection->simpleQuery('UPDATE `hoteles...')
#3 C:\xampp\htdocs\M2RA2---AAT\ci4_hotel\system\Database\BaseBuilder.php(2508): CodeIgniter\Database\BaseConnection->query('UPDATE `hoteles...', Array, false)
#4 C:\xampp\htdocs\M2RA2---AAT\ci4_hotel\system\Model.php(461): CodeIgniter\Database\BaseBuilder->update()
#5 C:\xampp\htdocs\M2RA2---AAT\ci4_hotel\system\BaseModel.php(1028): CodeIgniter\Model->doUpdate(Array, Array)
#6 C:\xampp\htdocs\M2RA2---AAT\ci4_hotel\system\Model.php(865): CodeIgniter\BaseModel->update(Array, Array)
#7 C:\xampp\htdocs\M2RA2---AAT\ci4_hotel\app\Controllers\HotelesController.php(105): CodeIgniter\Model->update('1', Array)
#8 C:\xampp\htdocs\M2RA2---AAT\ci4_hotel\system\CodeIgniter.php(933): App\Controllers\HotelesController->modificarHotel()
#9 C:\xampp\htdocs\M2RA2---AAT\ci4_hotel\system\CodeIgniter.php(509): CodeIgniter\CodeIgniter->runController(Object(App\Controllers\HotelesController))
#10 C:\xampp\htdocs\M2RA2---AAT\ci4_hotel\system\CodeIgniter.php(355): CodeIgniter\CodeIgniter->handleRequest(NULL, Object(Config\Cache), false)
#11 C:\xampp\htdocs\M2RA2---AAT\ci4_hotel\system\Boot.php(325): CodeIgniter\CodeIgniter->run()
#12 C:\xampp\htdocs\M2RA2---AAT\ci4_hotel\system\Boot.php(67): CodeIgniter\Boot::runCodeIgniter(Object(CodeIgniter\CodeIgniter))
#13 C:\xampp\htdocs\M2RA2---AAT\ci4_hotel\public\index.php(56): CodeIgniter\Boot::bootWeb(Object(Config\Paths))
#14 {main}
CRITICAL - 2024-07-29 15:32:58 --> CodeIgniter\Database\Exceptions\DatabaseException: Cannot add or update a child row: a foreign key constraint fails (`bd_hotel`.`hoteles`, CONSTRAINT `hoteles_ibfk_3` FOREIGN KEY (`usuario_id`) REFERENCES `usuarios` (`usuario_id`))
[Method: POST, Route: modificar_hotel]
in SYSTEMPATH\Database\BaseConnection.php on line 688.
 1 SYSTEMPATH\Database\BaseBuilder.php(2508): CodeIgniter\Database\BaseConnection->query('UPDATE `hoteles` SET `hotel_id` = :hotel_id:, `nombre` = :nombre:, `telefono` = :telefono:, `direccion` = :direccion:, `ciudad_id` = :ciudad_id:, `categoria_id` = :categoria_id:, `usuario_id` = :usuario_id:
WHERE `hoteles`.`hotel_id` IN :hoteles.hotel_id:', [...], false)
 2 SYSTEMPATH\Model.php(461): CodeIgniter\Database\BaseBuilder->update()
 3 SYSTEMPATH\BaseModel.php(1028): CodeIgniter\Model->doUpdate([...], [...])
 4 SYSTEMPATH\Model.php(865): CodeIgniter\BaseModel->update([...], [...])
 5 APPPATH\Controllers\HotelesController.php(105): CodeIgniter\Model->update('1', [...])
 6 SYSTEMPATH\CodeIgniter.php(933): App\Controllers\HotelesController->modificarHotel()
 7 SYSTEMPATH\CodeIgniter.php(509): CodeIgniter\CodeIgniter->runController(Object(App\Controllers\HotelesController))
 8 SYSTEMPATH\CodeIgniter.php(355): CodeIgniter\CodeIgniter->handleRequest(null, Object(Config\Cache), false)
 9 SYSTEMPATH\Boot.php(325): CodeIgniter\CodeIgniter->run()
10 SYSTEMPATH\Boot.php(67): CodeIgniter\Boot::runCodeIgniter(Object(CodeIgniter\CodeIgniter))
11 FCPATH\index.php(56): CodeIgniter\Boot::bootWeb(Object(Config\Paths))
CRITICAL - 2024-07-29 15:32:58 --> [Caused by] CodeIgniter\Database\Exceptions\DatabaseException: Cannot add or update a child row: a foreign key constraint fails (`bd_hotel`.`hoteles`, CONSTRAINT `hoteles_ibfk_3` FOREIGN KEY (`usuario_id`) REFERENCES `usuarios` (`usuario_id`))
in SYSTEMPATH\Database\MySQLi\Connection.php on line 317.
 1 SYSTEMPATH\Database\BaseConnection.php(734): CodeIgniter\Database\MySQLi\Connection->execute('UPDATE `hoteles` SET `hotel_id` = \'1\', `nombre` = \'Gran Jaguar\', `telefono` = \'77894540\', `direccion` = \'Biotopo quezal km 250 carretera a Coban\', `ciudad_id` = \'4\', `categoria_id` = \'105\', `usuario_id` = \'\'
WHERE `hoteles`.`hotel_id` IN (\'1\')')
 2 SYSTEMPATH\Database\BaseConnection.php(648): CodeIgniter\Database\BaseConnection->simpleQuery('UPDATE `hoteles` SET `hotel_id` = \'1\', `nombre` = \'Gran Jaguar\', `telefono` = \'77894540\', `direccion` = \'Biotopo quezal km 250 carretera a Coban\', `ciudad_id` = \'4\', `categoria_id` = \'105\', `usuario_id` = \'\'
WHERE `hoteles`.`hotel_id` IN (\'1\')')
 3 SYSTEMPATH\Database\BaseBuilder.php(2508): CodeIgniter\Database\BaseConnection->query('UPDATE `hoteles` SET `hotel_id` = :hotel_id:, `nombre` = :nombre:, `telefono` = :telefono:, `direccion` = :direccion:, `ciudad_id` = :ciudad_id:, `categoria_id` = :categoria_id:, `usuario_id` = :usuario_id:
WHERE `hoteles`.`hotel_id` IN :hoteles.hotel_id:', [...], false)
 4 SYSTEMPATH\Model.php(461): CodeIgniter\Database\BaseBuilder->update()
 5 SYSTEMPATH\BaseModel.php(1028): CodeIgniter\Model->doUpdate([...], [...])
 6 SYSTEMPATH\Model.php(865): CodeIgniter\BaseModel->update([...], [...])
 7 APPPATH\Controllers\HotelesController.php(105): CodeIgniter\Model->update('1', [...])
 8 SYSTEMPATH\CodeIgniter.php(933): App\Controllers\HotelesController->modificarHotel()
 9 SYSTEMPATH\CodeIgniter.php(509): CodeIgniter\CodeIgniter->runController(Object(App\Controllers\HotelesController))
10 SYSTEMPATH\CodeIgniter.php(355): CodeIgniter\CodeIgniter->handleRequest(null, Object(Config\Cache), false)
11 SYSTEMPATH\Boot.php(325): CodeIgniter\CodeIgniter->run()
12 SYSTEMPATH\Boot.php(67): CodeIgniter\Boot::runCodeIgniter(Object(CodeIgniter\CodeIgniter))
13 FCPATH\index.php(56): CodeIgniter\Boot::bootWeb(Object(Config\Paths))
CRITICAL - 2024-07-29 15:32:58 --> [Caused by] mysqli_sql_exception: Cannot add or update a child row: a foreign key constraint fails (`bd_hotel`.`hoteles`, CONSTRAINT `hoteles_ibfk_3` FOREIGN KEY (`usuario_id`) REFERENCES `usuarios` (`usuario_id`))
in SYSTEMPATH\Database\MySQLi\Connection.php on line 312.
 1 SYSTEMPATH\Database\MySQLi\Connection.php(312): mysqli->query('UPDATE `hoteles` SET `hotel_id` = \'1\', `nombre` = \'Gran Jaguar\', `telefono` = \'77894540\', `direccion` = \'Biotopo quezal km 250 carretera a Coban\', `ciudad_id` = \'4\', `categoria_id` = \'105\', `usuario_id` = \'\'
WHERE `hoteles`.`hotel_id` IN (\'1\')', 0)
 2 SYSTEMPATH\Database\BaseConnection.php(734): CodeIgniter\Database\MySQLi\Connection->execute('UPDATE `hoteles` SET `hotel_id` = \'1\', `nombre` = \'Gran Jaguar\', `telefono` = \'77894540\', `direccion` = \'Biotopo quezal km 250 carretera a Coban\', `ciudad_id` = \'4\', `categoria_id` = \'105\', `usuario_id` = \'\'
WHERE `hoteles`.`hotel_id` IN (\'1\')')
 3 SYSTEMPATH\Database\BaseConnection.php(648): CodeIgniter\Database\BaseConnection->simpleQuery('UPDATE `hoteles` SET `hotel_id` = \'1\', `nombre` = \'Gran Jaguar\', `telefono` = \'77894540\', `direccion` = \'Biotopo quezal km 250 carretera a Coban\', `ciudad_id` = \'4\', `categoria_id` = \'105\', `usuario_id` = \'\'
WHERE `hoteles`.`hotel_id` IN (\'1\')')
 4 SYSTEMPATH\Database\BaseBuilder.php(2508): CodeIgniter\Database\BaseConnection->query('UPDATE `hoteles` SET `hotel_id` = :hotel_id:, `nombre` = :nombre:, `telefono` = :telefono:, `direccion` = :direccion:, `ciudad_id` = :ciudad_id:, `categoria_id` = :categoria_id:, `usuario_id` = :usuario_id:
WHERE `hoteles`.`hotel_id` IN :hoteles.hotel_id:', [...], false)
 5 SYSTEMPATH\Model.php(461): CodeIgniter\Database\BaseBuilder->update()
 6 SYSTEMPATH\BaseModel.php(1028): CodeIgniter\Model->doUpdate([...], [...])
 7 SYSTEMPATH\Model.php(865): CodeIgniter\BaseModel->update([...], [...])
 8 APPPATH\Controllers\HotelesController.php(105): CodeIgniter\Model->update('1', [...])
 9 SYSTEMPATH\CodeIgniter.php(933): App\Controllers\HotelesController->modificarHotel()
10 SYSTEMPATH\CodeIgniter.php(509): CodeIgniter\CodeIgniter->runController(Object(App\Controllers\HotelesController))
11 SYSTEMPATH\CodeIgniter.php(355): CodeIgniter\CodeIgniter->handleRequest(null, Object(Config\Cache), false)
12 SYSTEMPATH\Boot.php(325): CodeIgniter\CodeIgniter->run()
13 SYSTEMPATH\Boot.php(67): CodeIgniter\Boot::runCodeIgniter(Object(CodeIgniter\CodeIgniter))
14 FCPATH\index.php(56): CodeIgniter\Boot::bootWeb(Object(Config\Paths))
